{"/Users/sofiiatkach/Desktop/LLM/updated_microblogging_app/app/api/posts/route.ts": {"path":"/Users/sofiiatkach/Desktop/LLM/updated_microblogging_app/app/api/posts/route.ts","statementMap":{"0":{"start":{"line":10,"column":0},"end":{"line":10,"column":7}},"1":{"start":{"line":75,"column":0},"end":{"line":75,"column":7}},"2":{"start":{"line":1,"column":0},"end":{"line":1,"column":56}},"3":{"start":{"line":2,"column":0},"end":{"line":2,"column":50}},"4":{"start":{"line":3,"column":0},"end":{"line":3,"column":48}},"5":{"start":{"line":4,"column":0},"end":{"line":4,"column":62}},"6":{"start":{"line":5,"column":0},"end":{"line":5,"column":56}},"7":{"start":{"line":6,"column":0},"end":{"line":6,"column":71}},"8":{"start":{"line":11,"column":18},"end":{"line":11,"column":53}},"9":{"start":{"line":12,"column":15},"end":{"line":12,"column":58}},"10":{"start":{"line":13,"column":2},"end":{"line":15,"column":3}},"11":{"start":{"line":14,"column":4},"end":{"line":14,"column":73}},"12":{"start":{"line":16,"column":27},"end":{"line":16,"column":43}},"13":{"start":{"line":17,"column":22},"end":{"line":17,"column":48}},"14":{"start":{"line":18,"column":21},"end":{"line":18,"column":46}},"15":{"start":{"line":19,"column":16},"end":{"line":19,"column":54}},"16":{"start":{"line":21,"column":13},"end":{"line":21,"column":27}},"17":{"start":{"line":22,"column":14},"end":{"line":22,"column":30}},"18":{"start":{"line":23,"column":2},"end":{"line":26,"column":5}},"19":{"start":{"line":24,"column":4},"end":{"line":24,"column":83}},"20":{"start":{"line":24,"column":37},"end":{"line":24,"column":83}},"21":{"start":{"line":25,"column":4},"end":{"line":25,"column":36}},"22":{"start":{"line":28,"column":17},"end":{"line":28,"column":18}},"23":{"start":{"line":29,"column":2},"end":{"line":38,"column":3}},"24":{"start":{"line":30,"column":4},"end":{"line":37,"column":5}},"25":{"start":{"line":31,"column":21},"end":{"line":31,"column":78}},"26":{"start":{"line":32,"column":6},"end":{"line":34,"column":12}},"27":{"start":{"line":33,"column":13},"end":{"line":33,"column":67}},"28":{"start":{"line":36,"column":6},"end":{"line":36,"column":77}},"29":{"start":{"line":39,"column":15},"end":{"line":39,"column":54}},"30":{"start":{"line":40,"column":21},"end":{"line":43,"column":31}},"31":{"start":{"line":45,"column":17},"end":{"line":45,"column":24}},"32":{"start":{"line":46,"column":40},"end":{"line":65,"column":4}},"33":{"start":{"line":47,"column":19},"end":{"line":47,"column":61}},"34":{"start":{"line":47,"column":38},"end":{"line":47,"column":60}},"35":{"start":{"line":48,"column":22},"end":{"line":48,"column":71}},"36":{"start":{"line":48,"column":43},"end":{"line":48,"column":63}},"37":{"start":{"line":49,"column":23},"end":{"line":49,"column":74}},"38":{"start":{"line":49,"column":46},"end":{"line":49,"column":66}},"39":{"start":{"line":50,"column":31},"end":{"line":50,"column":94}},"40":{"start":{"line":50,"column":50},"end":{"line":50,"column":93}},"41":{"start":{"line":51,"column":4},"end":{"line":64,"column":6}},"42":{"start":{"line":67,"column":33},"end":{"line":70,"column":4}},"43":{"start":{"line":71,"column":2},"end":{"line":71,"column":37}},"44":{"start":{"line":76,"column":18},"end":{"line":76,"column":53}},"45":{"start":{"line":77,"column":15},"end":{"line":77,"column":58}},"46":{"start":{"line":78,"column":2},"end":{"line":80,"column":3}},"47":{"start":{"line":79,"column":4},"end":{"line":79,"column":73}},"48":{"start":{"line":81,"column":22},"end":{"line":81,"column":38}},"49":{"start":{"line":82,"column":21},"end":{"line":82,"column":49}},"50":{"start":{"line":83,"column":2},"end":{"line":85,"column":3}},"51":{"start":{"line":84,"column":4},"end":{"line":84,"column":75}},"52":{"start":{"line":86,"column":13},"end":{"line":86,"column":27}},"53":{"start":{"line":87,"column":18},"end":{"line":92,"column":4}},"54":{"start":{"line":93,"column":2},"end":{"line":93,"column":25}},"55":{"start":{"line":94,"column":2},"end":{"line":94,"column":20}},"56":{"start":{"line":95,"column":2},"end":{"line":95,"column":67}},"57":{"start":{"line":96,"column":17},"end":{"line":96,"column":62}},"58":{"start":{"line":96,"column":36},"end":{"line":96,"column":61}},"59":{"start":{"line":97,"column":37},"end":{"line":110,"column":4}},"60":{"start":{"line":111,"column":2},"end":{"line":111,"column":58}}},"fnMap":{"0":{"name":"GET","decl":{"start":{"line":10,"column":22},"end":{"line":10,"column":25}},"loc":{"start":{"line":10,"column":42},"end":{"line":72,"column":1}}},"1":{"name":"(anonymous_1)","decl":{"start":{"line":23,"column":13},"end":{"line":23,"column":14}},"loc":{"start":{"line":23,"column":22},"end":{"line":26,"column":3}}},"2":{"name":"(anonymous_2)","decl":{"start":{"line":33,"column":8},"end":{"line":33,"column":9}},"loc":{"start":{"line":33,"column":13},"end":{"line":33,"column":67}}},"3":{"name":"(anonymous_3)","decl":{"start":{"line":46,"column":49},"end":{"line":46,"column":53}},"loc":{"start":{"line":46,"column":56},"end":{"line":65,"column":3}}},"4":{"name":"(anonymous_4)","decl":{"start":{"line":47,"column":33},"end":{"line":47,"column":34}},"loc":{"start":{"line":47,"column":38},"end":{"line":47,"column":60}}},"5":{"name":"(anonymous_5)","decl":{"start":{"line":48,"column":38},"end":{"line":48,"column":39}},"loc":{"start":{"line":48,"column":43},"end":{"line":48,"column":63}}},"6":{"name":"(anonymous_6)","decl":{"start":{"line":49,"column":41},"end":{"line":49,"column":42}},"loc":{"start":{"line":49,"column":46},"end":{"line":49,"column":66}}},"7":{"name":"(anonymous_7)","decl":{"start":{"line":50,"column":45},"end":{"line":50,"column":46}},"loc":{"start":{"line":50,"column":50},"end":{"line":50,"column":93}}},"8":{"name":"POST","decl":{"start":{"line":75,"column":22},"end":{"line":75,"column":26}},"loc":{"start":{"line":75,"column":43},"end":{"line":112,"column":1}}},"9":{"name":"(anonymous_9)","decl":{"start":{"line":96,"column":31},"end":{"line":96,"column":32}},"loc":{"start":{"line":96,"column":36},"end":{"line":96,"column":61}}}},"branchMap":{"0":{"loc":{"start":{"line":12,"column":15},"end":{"line":12,"column":58}},"type":"cond-expr","locations":[{"start":{"line":12,"column":22},"end":{"line":12,"column":24}},{"start":{"line":12,"column":15},"end":{"line":12,"column":58}}]},"1":{"loc":{"start":{"line":12,"column":15},"end":{"line":12,"column":24}},"type":"binary-expr","locations":[{"start":{"line":12,"column":15},"end":{"line":12,"column":24}},{"start":{"line":12,"column":15},"end":{"line":12,"column":24}}]},"2":{"loc":{"start":{"line":13,"column":2},"end":{"line":15,"column":3}},"type":"if","locations":[{"start":{"line":13,"column":2},"end":{"line":15,"column":3}},{"start":{},"end":{}}]},"3":{"loc":{"start":{"line":13,"column":7},"end":{"line":13,"column":15}},"type":"cond-expr","locations":[{"start":{"line":13,"column":11},"end":{"line":13,"column":13}},{"start":{"line":13,"column":7},"end":{"line":13,"column":15}}]},"4":{"loc":{"start":{"line":13,"column":7},"end":{"line":13,"column":13}},"type":"binary-expr","locations":[{"start":{"line":13,"column":7},"end":{"line":13,"column":13}},{"start":{"line":13,"column":7},"end":{"line":13,"column":13}}]},"5":{"loc":{"start":{"line":19,"column":25},"end":{"line":19,"column":49}},"type":"binary-expr","locations":[{"start":{"line":19,"column":25},"end":{"line":19,"column":43}},{"start":{"line":19,"column":47},"end":{"line":19,"column":49}}]},"6":{"loc":{"start":{"line":24,"column":4},"end":{"line":24,"column":83}},"type":"if","locations":[{"start":{"line":24,"column":4},"end":{"line":24,"column":83}},{"start":{},"end":{}}]},"7":{"loc":{"start":{"line":29,"column":2},"end":{"line":38,"column":3}},"type":"if","locations":[{"start":{"line":29,"column":2},"end":{"line":38,"column":3}},{"start":{},"end":{}}]},"8":{"loc":{"start":{"line":33,"column":13},"end":{"line":33,"column":67}},"type":"binary-expr","locations":[{"start":{"line":33,"column":13},"end":{"line":33,"column":45}},{"start":{"line":33,"column":49},"end":{"line":33,"column":67}}]},"9":{"loc":{"start":{"line":40,"column":21},"end":{"line":43,"column":31}},"type":"cond-expr","locations":[{"start":{"line":40,"column":45},"end":{"line":43,"column":24}},{"start":{"line":43,"column":27},"end":{"line":43,"column":31}}]},"10":{"loc":{"start":{"line":50,"column":50},"end":{"line":50,"column":93}},"type":"binary-expr","locations":[{"start":{"line":50,"column":50},"end":{"line":50,"column":70}},{"start":{"line":50,"column":74},"end":{"line":50,"column":93}}]},"11":{"loc":{"start":{"line":54,"column":14},"end":{"line":59,"column":68}},"type":"cond-expr","locations":[{"start":{"line":54,"column":23},"end":{"line":59,"column":8}},{"start":{"line":59,"column":10},"end":{"line":59,"column":68}}]},"12":{"loc":{"start":{"line":58,"column":19},"end":{"line":58,"column":43}},"type":"binary-expr","locations":[{"start":{"line":58,"column":19},"end":{"line":58,"column":35}},{"start":{"line":58,"column":39},"end":{"line":58,"column":43}}]},"13":{"loc":{"start":{"line":77,"column":15},"end":{"line":77,"column":58}},"type":"cond-expr","locations":[{"start":{"line":77,"column":22},"end":{"line":77,"column":24}},{"start":{"line":77,"column":15},"end":{"line":77,"column":58}}]},"14":{"loc":{"start":{"line":77,"column":15},"end":{"line":77,"column":24}},"type":"binary-expr","locations":[{"start":{"line":77,"column":15},"end":{"line":77,"column":24}},{"start":{"line":77,"column":15},"end":{"line":77,"column":24}}]},"15":{"loc":{"start":{"line":78,"column":2},"end":{"line":80,"column":3}},"type":"if","locations":[{"start":{"line":78,"column":2},"end":{"line":80,"column":3}},{"start":{},"end":{}}]},"16":{"loc":{"start":{"line":78,"column":7},"end":{"line":78,"column":15}},"type":"cond-expr","locations":[{"start":{"line":78,"column":11},"end":{"line":78,"column":13}},{"start":{"line":78,"column":7},"end":{"line":78,"column":15}}]},"17":{"loc":{"start":{"line":78,"column":7},"end":{"line":78,"column":13}},"type":"binary-expr","locations":[{"start":{"line":78,"column":7},"end":{"line":78,"column":13}},{"start":{"line":78,"column":7},"end":{"line":78,"column":13}}]},"18":{"loc":{"start":{"line":83,"column":2},"end":{"line":85,"column":3}},"type":"if","locations":[{"start":{"line":83,"column":2},"end":{"line":85,"column":3}},{"start":{},"end":{}}]},"19":{"loc":{"start":{"line":100,"column":12},"end":{"line":105,"column":66}},"type":"cond-expr","locations":[{"start":{"line":100,"column":21},"end":{"line":105,"column":6}},{"start":{"line":105,"column":8},"end":{"line":105,"column":66}}]},"20":{"loc":{"start":{"line":104,"column":17},"end":{"line":104,"column":41}},"type":"binary-expr","locations":[{"start":{"line":104,"column":17},"end":{"line":104,"column":33}},{"start":{"line":104,"column":37},"end":{"line":104,"column":41}}]}},"s":{"0":1,"1":1,"2":1,"3":1,"4":1,"5":1,"6":1,"7":1,"8":5,"9":5,"10":5,"11":1,"12":4,"13":4,"14":4,"15":4,"16":4,"17":4,"18":4,"19":9,"20":9,"21":0,"22":4,"23":4,"24":1,"25":1,"26":1,"27":1,"28":0,"29":4,"30":4,"31":4,"32":4,"33":4,"34":6,"35":4,"36":4,"37":4,"38":4,"39":4,"40":4,"41":4,"42":4,"43":4,"44":5,"45":5,"46":5,"47":1,"48":4,"49":4,"50":4,"51":2,"52":2,"53":2,"54":2,"55":2,"56":2,"57":2,"58":3,"59":2,"60":2},"f":{"0":5,"1":9,"2":1,"3":4,"4":6,"5":4,"6":4,"7":4,"8":5,"9":3},"b":{"0":[1,4],"1":[5,4],"2":[1,4],"3":[1,4],"4":[5,5],"5":[4,1],"6":[9,0],"7":[1,3],"8":[1,1],"9":[3,1],"10":[4,2],"11":[4,0],"12":[4,4],"13":[1,4],"14":[5,4],"15":[1,4],"16":[1,4],"17":[5,5],"18":[2,2],"19":[2,0],"20":[2,2]}}
,"/Users/sofiiatkach/Desktop/LLM/updated_microblogging_app/app/api/posts/[postId]/route.ts": {"path":"/Users/sofiiatkach/Desktop/LLM/updated_microblogging_app/app/api/posts/[postId]/route.ts","statementMap":{"0":{"start":{"line":9,"column":0},"end":{"line":9,"column":7}},"1":{"start":{"line":46,"column":0},"end":{"line":46,"column":7}},"2":{"start":{"line":1,"column":0},"end":{"line":1,"column":56}},"3":{"start":{"line":2,"column":0},"end":{"line":2,"column":50}},"4":{"start":{"line":3,"column":0},"end":{"line":3,"column":51}},"5":{"start":{"line":4,"column":0},"end":{"line":4,"column":53}},"6":{"start":{"line":5,"column":0},"end":{"line":5,"column":68}},"7":{"start":{"line":13,"column":21},"end":{"line":13,"column":33}},"8":{"start":{"line":14,"column":18},"end":{"line":14,"column":53}},"9":{"start":{"line":15,"column":15},"end":{"line":15,"column":58}},"10":{"start":{"line":16,"column":2},"end":{"line":18,"column":3}},"11":{"start":{"line":17,"column":4},"end":{"line":17,"column":73}},"12":{"start":{"line":19,"column":13},"end":{"line":19,"column":27}},"13":{"start":{"line":20,"column":15},"end":{"line":20,"column":57}},"14":{"start":{"line":20,"column":41},"end":{"line":20,"column":56}},"15":{"start":{"line":21,"column":2},"end":{"line":23,"column":3}},"16":{"start":{"line":22,"column":4},"end":{"line":22,"column":75}},"17":{"start":{"line":24,"column":17},"end":{"line":24,"column":66}},"18":{"start":{"line":24,"column":43},"end":{"line":24,"column":65}},"19":{"start":{"line":25,"column":20},"end":{"line":25,"column":76}},"20":{"start":{"line":25,"column":48},"end":{"line":25,"column":68}},"21":{"start":{"line":26,"column":21},"end":{"line":26,"column":79}},"22":{"start":{"line":26,"column":51},"end":{"line":26,"column":71}},"23":{"start":{"line":27,"column":29},"end":{"line":27,"column":100}},"24":{"start":{"line":27,"column":55},"end":{"line":27,"column":99}},"25":{"start":{"line":28,"column":37},"end":{"line":41,"column":4}},"26":{"start":{"line":42,"column":2},"end":{"line":42,"column":41}},"27":{"start":{"line":50,"column":21},"end":{"line":50,"column":33}},"28":{"start":{"line":51,"column":18},"end":{"line":51,"column":53}},"29":{"start":{"line":52,"column":15},"end":{"line":52,"column":58}},"30":{"start":{"line":53,"column":2},"end":{"line":55,"column":3}},"31":{"start":{"line":54,"column":4},"end":{"line":54,"column":73}},"32":{"start":{"line":56,"column":13},"end":{"line":56,"column":27}},"33":{"start":{"line":57,"column":18},"end":{"line":57,"column":65}},"34":{"start":{"line":57,"column":49},"end":{"line":57,"column":64}},"35":{"start":{"line":58,"column":2},"end":{"line":60,"column":3}},"36":{"start":{"line":59,"column":4},"end":{"line":59,"column":75}},"37":{"start":{"line":61,"column":15},"end":{"line":61,"column":32}},"38":{"start":{"line":62,"column":2},"end":{"line":65,"column":3}},"39":{"start":{"line":63,"column":4},"end":{"line":63,"column":86}},"40":{"start":{"line":64,"column":4},"end":{"line":64,"column":70}},"41":{"start":{"line":66,"column":2},"end":{"line":66,"column":30}},"42":{"start":{"line":67,"column":2},"end":{"line":67,"column":63}},"43":{"start":{"line":67,"column":41},"end":{"line":67,"column":61}},"44":{"start":{"line":68,"column":2},"end":{"line":68,"column":67}},"45":{"start":{"line":68,"column":45},"end":{"line":68,"column":65}},"46":{"start":{"line":69,"column":2},"end":{"line":69,"column":20}},"47":{"start":{"line":70,"column":2},"end":{"line":70,"column":64}},"48":{"start":{"line":71,"column":2},"end":{"line":71,"column":56}}},"fnMap":{"0":{"name":"GET","decl":{"start":{"line":9,"column":22},"end":{"line":9,"column":25}},"loc":{"start":{"line":11,"column":53},"end":{"line":43,"column":1}}},"1":{"name":"(anonymous_1)","decl":{"start":{"line":20,"column":29},"end":{"line":20,"column":30}},"loc":{"start":{"line":20,"column":41},"end":{"line":20,"column":56}}},"2":{"name":"(anonymous_2)","decl":{"start":{"line":24,"column":31},"end":{"line":24,"column":32}},"loc":{"start":{"line":24,"column":43},"end":{"line":24,"column":65}}},"3":{"name":"(anonymous_3)","decl":{"start":{"line":25,"column":36},"end":{"line":25,"column":37}},"loc":{"start":{"line":25,"column":48},"end":{"line":25,"column":68}}},"4":{"name":"(anonymous_4)","decl":{"start":{"line":26,"column":39},"end":{"line":26,"column":40}},"loc":{"start":{"line":26,"column":51},"end":{"line":26,"column":71}}},"5":{"name":"(anonymous_5)","decl":{"start":{"line":27,"column":43},"end":{"line":27,"column":44}},"loc":{"start":{"line":27,"column":55},"end":{"line":27,"column":99}}},"6":{"name":"DELETE","decl":{"start":{"line":46,"column":22},"end":{"line":46,"column":28}},"loc":{"start":{"line":48,"column":53},"end":{"line":72,"column":1}}},"7":{"name":"(anonymous_7)","decl":{"start":{"line":57,"column":37},"end":{"line":57,"column":38}},"loc":{"start":{"line":57,"column":49},"end":{"line":57,"column":64}}},"8":{"name":"(anonymous_8)","decl":{"start":{"line":67,"column":29},"end":{"line":67,"column":30}},"loc":{"start":{"line":67,"column":41},"end":{"line":67,"column":61}}},"9":{"name":"(anonymous_9)","decl":{"start":{"line":68,"column":33},"end":{"line":68,"column":34}},"loc":{"start":{"line":68,"column":45},"end":{"line":68,"column":65}}}},"branchMap":{"0":{"loc":{"start":{"line":15,"column":15},"end":{"line":15,"column":58}},"type":"cond-expr","locations":[{"start":{"line":15,"column":22},"end":{"line":15,"column":24}},{"start":{"line":15,"column":15},"end":{"line":15,"column":58}}]},"1":{"loc":{"start":{"line":15,"column":15},"end":{"line":15,"column":24}},"type":"binary-expr","locations":[{"start":{"line":15,"column":15},"end":{"line":15,"column":24}},{"start":{"line":15,"column":15},"end":{"line":15,"column":24}}]},"2":{"loc":{"start":{"line":16,"column":2},"end":{"line":18,"column":3}},"type":"if","locations":[{"start":{"line":16,"column":2},"end":{"line":18,"column":3}},{"start":{},"end":{}}]},"3":{"loc":{"start":{"line":16,"column":7},"end":{"line":16,"column":15}},"type":"cond-expr","locations":[{"start":{"line":16,"column":11},"end":{"line":16,"column":13}},{"start":{"line":16,"column":7},"end":{"line":16,"column":15}}]},"4":{"loc":{"start":{"line":16,"column":7},"end":{"line":16,"column":13}},"type":"binary-expr","locations":[{"start":{"line":16,"column":7},"end":{"line":16,"column":13}},{"start":{"line":16,"column":7},"end":{"line":16,"column":13}}]},"5":{"loc":{"start":{"line":21,"column":2},"end":{"line":23,"column":3}},"type":"if","locations":[{"start":{"line":21,"column":2},"end":{"line":23,"column":3}},{"start":{},"end":{}}]},"6":{"loc":{"start":{"line":27,"column":55},"end":{"line":27,"column":99}},"type":"binary-expr","locations":[{"start":{"line":27,"column":55},"end":{"line":27,"column":75}},{"start":{"line":27,"column":79},"end":{"line":27,"column":99}}]},"7":{"loc":{"start":{"line":31,"column":12},"end":{"line":36,"column":66}},"type":"cond-expr","locations":[{"start":{"line":31,"column":21},"end":{"line":36,"column":6}},{"start":{"line":36,"column":8},"end":{"line":36,"column":66}}]},"8":{"loc":{"start":{"line":35,"column":17},"end":{"line":35,"column":41}},"type":"binary-expr","locations":[{"start":{"line":35,"column":17},"end":{"line":35,"column":33}},{"start":{"line":35,"column":37},"end":{"line":35,"column":41}}]},"9":{"loc":{"start":{"line":52,"column":15},"end":{"line":52,"column":58}},"type":"cond-expr","locations":[{"start":{"line":52,"column":22},"end":{"line":52,"column":24}},{"start":{"line":52,"column":15},"end":{"line":52,"column":58}}]},"10":{"loc":{"start":{"line":52,"column":15},"end":{"line":52,"column":24}},"type":"binary-expr","locations":[{"start":{"line":52,"column":15},"end":{"line":52,"column":24}},{"start":{"line":52,"column":15},"end":{"line":52,"column":24}}]},"11":{"loc":{"start":{"line":53,"column":2},"end":{"line":55,"column":3}},"type":"if","locations":[{"start":{"line":53,"column":2},"end":{"line":55,"column":3}},{"start":{},"end":{}}]},"12":{"loc":{"start":{"line":53,"column":7},"end":{"line":53,"column":15}},"type":"cond-expr","locations":[{"start":{"line":53,"column":11},"end":{"line":53,"column":13}},{"start":{"line":53,"column":7},"end":{"line":53,"column":15}}]},"13":{"loc":{"start":{"line":53,"column":7},"end":{"line":53,"column":13}},"type":"binary-expr","locations":[{"start":{"line":53,"column":7},"end":{"line":53,"column":13}},{"start":{"line":53,"column":7},"end":{"line":53,"column":13}}]},"14":{"loc":{"start":{"line":58,"column":2},"end":{"line":60,"column":3}},"type":"if","locations":[{"start":{"line":58,"column":2},"end":{"line":60,"column":3}},{"start":{},"end":{}}]},"15":{"loc":{"start":{"line":62,"column":2},"end":{"line":65,"column":3}},"type":"if","locations":[{"start":{"line":62,"column":2},"end":{"line":65,"column":3}},{"start":{},"end":{}}]}},"s":{"0":1,"1":1,"2":1,"3":1,"4":1,"5":1,"6":1,"7":3,"8":3,"9":3,"10":3,"11":1,"12":2,"13":2,"14":2,"15":2,"16":1,"17":1,"18":1,"19":1,"20":1,"21":1,"22":1,"23":1,"24":1,"25":1,"26":1,"27":4,"28":4,"29":4,"30":4,"31":1,"32":3,"33":3,"34":3,"35":3,"36":0,"37":3,"38":3,"39":1,"40":1,"41":2,"42":2,"43":2,"44":2,"45":2,"46":2,"47":2,"48":2},"f":{"0":3,"1":2,"2":1,"3":1,"4":1,"5":1,"6":4,"7":3,"8":2,"9":2},"b":{"0":[1,2],"1":[3,2],"2":[1,2],"3":[1,2],"4":[3,3],"5":[1,1],"6":[1,1],"7":[1,0],"8":[1,1],"9":[1,3],"10":[4,3],"11":[1,3],"12":[1,3],"13":[4,4],"14":[0,3],"15":[1,2]}}
,"/Users/sofiiatkach/Desktop/LLM/updated_microblogging_app/app/api/posts/[postId]/like/route.ts": {"path":"/Users/sofiiatkach/Desktop/LLM/updated_microblogging_app/app/api/posts/[postId]/like/route.ts","statementMap":{"0":{"start":{"line":8,"column":0},"end":{"line":8,"column":7}},"1":{"start":{"line":1,"column":0},"end":{"line":1,"column":56}},"2":{"start":{"line":2,"column":0},"end":{"line":2,"column":50}},"3":{"start":{"line":3,"column":0},"end":{"line":3,"column":54}},"4":{"start":{"line":4,"column":0},"end":{"line":4,"column":68}},"5":{"start":{"line":5,"column":0},"end":{"line":5,"column":62}},"6":{"start":{"line":12,"column":21},"end":{"line":12,"column":33}},"7":{"start":{"line":13,"column":18},"end":{"line":13,"column":53}},"8":{"start":{"line":14,"column":15},"end":{"line":14,"column":58}},"9":{"start":{"line":15,"column":2},"end":{"line":17,"column":3}},"10":{"start":{"line":16,"column":4},"end":{"line":16,"column":73}},"11":{"start":{"line":18,"column":13},"end":{"line":18,"column":27}},"12":{"start":{"line":19,"column":15},"end":{"line":19,"column":57}},"13":{"start":{"line":19,"column":41},"end":{"line":19,"column":56}},"14":{"start":{"line":20,"column":2},"end":{"line":22,"column":3}},"15":{"start":{"line":21,"column":4},"end":{"line":21,"column":75}},"16":{"start":{"line":23,"column":18},"end":{"line":23,"column":94}},"17":{"start":{"line":23,"column":49},"end":{"line":23,"column":93}},"18":{"start":{"line":25,"column":2},"end":{"line":31,"column":3}},"19":{"start":{"line":26,"column":4},"end":{"line":26,"column":32}},"20":{"start":{"line":27,"column":4},"end":{"line":27,"column":18}},"21":{"start":{"line":29,"column":4},"end":{"line":29,"column":111}},"22":{"start":{"line":30,"column":4},"end":{"line":30,"column":17}},"23":{"start":{"line":32,"column":2},"end":{"line":32,"column":20}},"24":{"start":{"line":33,"column":20},"end":{"line":33,"column":76}},"25":{"start":{"line":33,"column":48},"end":{"line":33,"column":68}},"26":{"start":{"line":34,"column":2},"end":{"line":34,"column":71}},"27":{"start":{"line":35,"column":2},"end":{"line":35,"column":49}}},"fnMap":{"0":{"name":"POST","decl":{"start":{"line":8,"column":22},"end":{"line":8,"column":26}},"loc":{"start":{"line":10,"column":53},"end":{"line":36,"column":1}}},"1":{"name":"(anonymous_1)","decl":{"start":{"line":19,"column":29},"end":{"line":19,"column":30}},"loc":{"start":{"line":19,"column":41},"end":{"line":19,"column":56}}},"2":{"name":"(anonymous_2)","decl":{"start":{"line":23,"column":37},"end":{"line":23,"column":38}},"loc":{"start":{"line":23,"column":49},"end":{"line":23,"column":93}}},"3":{"name":"(anonymous_3)","decl":{"start":{"line":33,"column":36},"end":{"line":33,"column":37}},"loc":{"start":{"line":33,"column":48},"end":{"line":33,"column":68}}}},"branchMap":{"0":{"loc":{"start":{"line":14,"column":15},"end":{"line":14,"column":58}},"type":"cond-expr","locations":[{"start":{"line":14,"column":22},"end":{"line":14,"column":24}},{"start":{"line":14,"column":15},"end":{"line":14,"column":58}}]},"1":{"loc":{"start":{"line":14,"column":15},"end":{"line":14,"column":24}},"type":"binary-expr","locations":[{"start":{"line":14,"column":15},"end":{"line":14,"column":24}},{"start":{"line":14,"column":15},"end":{"line":14,"column":24}}]},"2":{"loc":{"start":{"line":15,"column":2},"end":{"line":17,"column":3}},"type":"if","locations":[{"start":{"line":15,"column":2},"end":{"line":17,"column":3}},{"start":{},"end":{}}]},"3":{"loc":{"start":{"line":15,"column":7},"end":{"line":15,"column":15}},"type":"cond-expr","locations":[{"start":{"line":15,"column":11},"end":{"line":15,"column":13}},{"start":{"line":15,"column":7},"end":{"line":15,"column":15}}]},"4":{"loc":{"start":{"line":15,"column":7},"end":{"line":15,"column":13}},"type":"binary-expr","locations":[{"start":{"line":15,"column":7},"end":{"line":15,"column":13}},{"start":{"line":15,"column":7},"end":{"line":15,"column":13}}]},"5":{"loc":{"start":{"line":20,"column":2},"end":{"line":22,"column":3}},"type":"if","locations":[{"start":{"line":20,"column":2},"end":{"line":22,"column":3}},{"start":{},"end":{}}]},"6":{"loc":{"start":{"line":23,"column":49},"end":{"line":23,"column":93}},"type":"binary-expr","locations":[{"start":{"line":23,"column":49},"end":{"line":23,"column":69}},{"start":{"line":23,"column":73},"end":{"line":23,"column":93}}]},"7":{"loc":{"start":{"line":25,"column":2},"end":{"line":31,"column":3}},"type":"if","locations":[{"start":{"line":25,"column":2},"end":{"line":31,"column":3}},{"start":{"line":28,"column":9},"end":{"line":31,"column":3}}]}},"s":{"0":1,"1":1,"2":1,"3":1,"4":1,"5":1,"6":7,"7":7,"8":7,"9":7,"10":1,"11":6,"12":6,"13":6,"14":6,"15":1,"16":5,"17":2,"18":5,"19":2,"20":2,"21":3,"22":3,"23":5,"24":5,"25":3,"26":5,"27":5},"f":{"0":7,"1":6,"2":2,"3":3},"b":{"0":[1,6],"1":[7,6],"2":[1,6],"3":[1,6],"4":[7,7],"5":[1,5],"6":[2,2],"7":[2,3]}}
,"/Users/sofiiatkach/Desktop/LLM/updated_microblogging_app/app/api/posts/[postId]/replies/route.ts": {"path":"/Users/sofiiatkach/Desktop/LLM/updated_microblogging_app/app/api/posts/[postId]/replies/route.ts","statementMap":{"0":{"start":{"line":8,"column":0},"end":{"line":8,"column":7}},"1":{"start":{"line":54,"column":0},"end":{"line":54,"column":7}},"2":{"start":{"line":1,"column":0},"end":{"line":1,"column":36}},"3":{"start":{"line":2,"column":0},"end":{"line":2,"column":56}},"4":{"start":{"line":3,"column":0},"end":{"line":3,"column":50}},"5":{"start":{"line":4,"column":0},"end":{"line":4,"column":54}},"6":{"start":{"line":5,"column":0},"end":{"line":5,"column":56}},"7":{"start":{"line":6,"column":0},"end":{"line":6,"column":52}},"8":{"start":{"line":12,"column":18},"end":{"line":12,"column":53}},"9":{"start":{"line":13,"column":15},"end":{"line":13,"column":58}},"10":{"start":{"line":14,"column":2},"end":{"line":16,"column":3}},"11":{"start":{"line":15,"column":4},"end":{"line":15,"column":73}},"12":{"start":{"line":18,"column":21},"end":{"line":18,"column":33}},"13":{"start":{"line":19,"column":13},"end":{"line":19,"column":21}},"14":{"start":{"line":21,"column":15},"end":{"line":21,"column":57}},"15":{"start":{"line":21,"column":41},"end":{"line":21,"column":56}},"16":{"start":{"line":22,"column":2},"end":{"line":24,"column":3}},"17":{"start":{"line":23,"column":4},"end":{"line":23,"column":75}},"18":{"start":{"line":26,"column":18},"end":{"line":49,"column":6}},"19":{"start":{"line":27,"column":24},"end":{"line":27,"column":43}},"20":{"start":{"line":28,"column":30},"end":{"line":28,"column":68}},"21":{"start":{"line":30,"column":21},"end":{"line":30,"column":71}},"22":{"start":{"line":30,"column":47},"end":{"line":30,"column":70}},"23":{"start":{"line":31,"column":6},"end":{"line":48,"column":8}},"24":{"start":{"line":51,"column":2},"end":{"line":51,"column":36}},"25":{"start":{"line":58,"column":21},"end":{"line":58,"column":33}},"26":{"start":{"line":59,"column":18},"end":{"line":59,"column":53}},"27":{"start":{"line":60,"column":15},"end":{"line":60,"column":58}},"28":{"start":{"line":62,"column":2},"end":{"line":64,"column":3}},"29":{"start":{"line":63,"column":4},"end":{"line":63,"column":73}},"30":{"start":{"line":67,"column":2},"end":{"line":71,"column":3}},"31":{"start":{"line":68,"column":4},"end":{"line":68,"column":28}},"32":{"start":{"line":70,"column":4},"end":{"line":70,"column":78}},"33":{"start":{"line":73,"column":18},"end":{"line":73,"column":77}},"34":{"start":{"line":74,"column":2},"end":{"line":76,"column":3}},"35":{"start":{"line":75,"column":4},"end":{"line":75,"column":94}},"36":{"start":{"line":78,"column":13},"end":{"line":78,"column":21}},"37":{"start":{"line":79,"column":15},"end":{"line":79,"column":57}},"38":{"start":{"line":79,"column":41},"end":{"line":79,"column":56}},"39":{"start":{"line":80,"column":2},"end":{"line":82,"column":3}},"40":{"start":{"line":81,"column":4},"end":{"line":81,"column":75}},"41":{"start":{"line":84,"column":19},"end":{"line":90,"column":4}},"42":{"start":{"line":92,"column":2},"end":{"line":92,"column":28}},"43":{"start":{"line":93,"column":2},"end":{"line":93,"column":14}},"44":{"start":{"line":95,"column":17},"end":{"line":95,"column":60}},"45":{"start":{"line":95,"column":43},"end":{"line":95,"column":59}},"46":{"start":{"line":96,"column":24},"end":{"line":113,"column":4}},"47":{"start":{"line":115,"column":2},"end":{"line":115,"column":78}},"48":{"start":{"line":117,"column":2},"end":{"line":117,"column":59}}},"fnMap":{"0":{"name":"GET","decl":{"start":{"line":8,"column":22},"end":{"line":8,"column":25}},"loc":{"start":{"line":10,"column":53},"end":{"line":52,"column":1}}},"1":{"name":"(anonymous_1)","decl":{"start":{"line":21,"column":29},"end":{"line":21,"column":30}},"loc":{"start":{"line":21,"column":41},"end":{"line":21,"column":56}}},"2":{"name":"(anonymous_2)","decl":{"start":{"line":27,"column":12},"end":{"line":27,"column":13}},"loc":{"start":{"line":27,"column":24},"end":{"line":27,"column":43}}},"3":{"name":"(anonymous_3)","decl":{"start":{"line":28,"column":10},"end":{"line":28,"column":11}},"loc":{"start":{"line":28,"column":30},"end":{"line":28,"column":68}}},"4":{"name":"(anonymous_4)","decl":{"start":{"line":29,"column":9},"end":{"line":29,"column":10}},"loc":{"start":{"line":29,"column":24},"end":{"line":49,"column":5}}},"5":{"name":"(anonymous_5)","decl":{"start":{"line":30,"column":35},"end":{"line":30,"column":36}},"loc":{"start":{"line":30,"column":47},"end":{"line":30,"column":70}}},"6":{"name":"POST","decl":{"start":{"line":54,"column":22},"end":{"line":54,"column":26}},"loc":{"start":{"line":56,"column":53},"end":{"line":118,"column":1}}},"7":{"name":"(anonymous_7)","decl":{"start":{"line":79,"column":29},"end":{"line":79,"column":30}},"loc":{"start":{"line":79,"column":41},"end":{"line":79,"column":56}}},"8":{"name":"(anonymous_8)","decl":{"start":{"line":95,"column":31},"end":{"line":95,"column":32}},"loc":{"start":{"line":95,"column":43},"end":{"line":95,"column":59}}}},"branchMap":{"0":{"loc":{"start":{"line":13,"column":15},"end":{"line":13,"column":58}},"type":"cond-expr","locations":[{"start":{"line":13,"column":22},"end":{"line":13,"column":24}},{"start":{"line":13,"column":15},"end":{"line":13,"column":58}}]},"1":{"loc":{"start":{"line":13,"column":15},"end":{"line":13,"column":24}},"type":"binary-expr","locations":[{"start":{"line":13,"column":15},"end":{"line":13,"column":24}},{"start":{"line":13,"column":15},"end":{"line":13,"column":24}}]},"2":{"loc":{"start":{"line":14,"column":2},"end":{"line":16,"column":3}},"type":"if","locations":[{"start":{"line":14,"column":2},"end":{"line":16,"column":3}},{"start":{},"end":{}}]},"3":{"loc":{"start":{"line":14,"column":7},"end":{"line":14,"column":15}},"type":"cond-expr","locations":[{"start":{"line":14,"column":11},"end":{"line":14,"column":13}},{"start":{"line":14,"column":7},"end":{"line":14,"column":15}}]},"4":{"loc":{"start":{"line":14,"column":7},"end":{"line":14,"column":13}},"type":"binary-expr","locations":[{"start":{"line":14,"column":7},"end":{"line":14,"column":13}},{"start":{"line":14,"column":7},"end":{"line":14,"column":13}}]},"5":{"loc":{"start":{"line":22,"column":2},"end":{"line":24,"column":3}},"type":"if","locations":[{"start":{"line":22,"column":2},"end":{"line":24,"column":3}},{"start":{},"end":{}}]},"6":{"loc":{"start":{"line":35,"column":16},"end":{"line":47,"column":null}},"type":"cond-expr","locations":[{"start":{"line":36,"column":12},"end":{"line":41,"column":null}},{"start":{"line":42,"column":12},"end":{"line":47,"column":null}}]},"7":{"loc":{"start":{"line":40,"column":25},"end":{"line":40,"column":49}},"type":"cond-expr","locations":[{"start":{"line":40,"column":41},"end":{"line":40,"column":45}},{"start":{"line":40,"column":45},"end":{"line":40,"column":49}}]},"8":{"loc":{"start":{"line":40,"column":25},"end":{"line":40,"column":45}},"type":"binary-expr","locations":[{"start":{"line":40,"column":25},"end":{"line":40,"column":45}},{"start":{"line":40,"column":41},"end":{"line":40,"column":45}}]},"9":{"loc":{"start":{"line":60,"column":15},"end":{"line":60,"column":58}},"type":"cond-expr","locations":[{"start":{"line":60,"column":22},"end":{"line":60,"column":24}},{"start":{"line":60,"column":15},"end":{"line":60,"column":58}}]},"10":{"loc":{"start":{"line":60,"column":15},"end":{"line":60,"column":24}},"type":"binary-expr","locations":[{"start":{"line":60,"column":15},"end":{"line":60,"column":24}},{"start":{"line":60,"column":15},"end":{"line":60,"column":24}}]},"11":{"loc":{"start":{"line":62,"column":2},"end":{"line":64,"column":3}},"type":"if","locations":[{"start":{"line":62,"column":2},"end":{"line":64,"column":3}},{"start":{},"end":{}}]},"12":{"loc":{"start":{"line":62,"column":7},"end":{"line":62,"column":15}},"type":"cond-expr","locations":[{"start":{"line":62,"column":11},"end":{"line":62,"column":13}},{"start":{"line":62,"column":7},"end":{"line":62,"column":15}}]},"13":{"loc":{"start":{"line":62,"column":7},"end":{"line":62,"column":13}},"type":"binary-expr","locations":[{"start":{"line":62,"column":7},"end":{"line":62,"column":13}},{"start":{"line":62,"column":7},"end":{"line":62,"column":13}}]},"14":{"loc":{"start":{"line":73,"column":18},"end":{"line":73,"column":77}},"type":"cond-expr","locations":[{"start":{"line":73,"column":53},"end":{"line":73,"column":72}},{"start":{"line":73,"column":75},"end":{"line":73,"column":77}}]},"15":{"loc":{"start":{"line":74,"column":2},"end":{"line":76,"column":3}},"type":"if","locations":[{"start":{"line":74,"column":2},"end":{"line":76,"column":3}},{"start":{},"end":{}}]},"16":{"loc":{"start":{"line":74,"column":6},"end":{"line":74,"column":48}},"type":"binary-expr","locations":[{"start":{"line":74,"column":6},"end":{"line":74,"column":24}},{"start":{"line":74,"column":28},"end":{"line":74,"column":48}}]},"17":{"loc":{"start":{"line":80,"column":2},"end":{"line":82,"column":3}},"type":"if","locations":[{"start":{"line":80,"column":2},"end":{"line":82,"column":3}},{"start":{},"end":{}}]},"18":{"loc":{"start":{"line":100,"column":12},"end":{"line":112,"column":null}},"type":"cond-expr","locations":[{"start":{"line":101,"column":8},"end":{"line":106,"column":null}},{"start":{"line":107,"column":8},"end":{"line":112,"column":null}}]},"19":{"loc":{"start":{"line":105,"column":21},"end":{"line":105,"column":45}},"type":"cond-expr","locations":[{"start":{"line":105,"column":37},"end":{"line":105,"column":41}},{"start":{"line":105,"column":41},"end":{"line":105,"column":45}}]},"20":{"loc":{"start":{"line":105,"column":21},"end":{"line":105,"column":41}},"type":"binary-expr","locations":[{"start":{"line":105,"column":21},"end":{"line":105,"column":41}},{"start":{"line":105,"column":37},"end":{"line":105,"column":41}}]}},"s":{"0":1,"1":1,"2":1,"3":1,"4":1,"5":1,"6":1,"7":1,"8":4,"9":4,"10":4,"11":1,"12":3,"13":3,"14":3,"15":3,"16":3,"17":1,"18":2,"19":2,"20":1,"21":2,"22":3,"23":2,"24":2,"25":5,"26":5,"27":5,"28":5,"29":1,"30":4,"31":4,"32":0,"33":4,"34":4,"35":2,"36":2,"37":2,"38":2,"39":2,"40":1,"41":1,"42":1,"43":1,"44":1,"45":1,"46":1,"47":1,"48":1},"f":{"0":4,"1":3,"2":2,"3":1,"4":2,"5":3,"6":5,"7":2,"8":1},"b":{"0":[1,3],"1":[4,3],"2":[1,3],"3":[1,3],"4":[4,4],"5":[1,2],"6":[2,0],"7":[0,2],"8":[2,0],"9":[1,4],"10":[5,4],"11":[1,4],"12":[1,4],"13":[5,5],"14":[4,0],"15":[2,2],"16":[4,3],"17":[1,1],"18":[1,0],"19":[0,1],"20":[1,0]}}
,"/Users/sofiiatkach/Desktop/LLM/updated_microblogging_app/app/api/users/[username]/route.ts": {"path":"/Users/sofiiatkach/Desktop/LLM/updated_microblogging_app/app/api/users/[username]/route.ts","statementMap":{"0":{"start":{"line":35,"column":0},"end":{"line":35,"column":7}},"1":{"start":{"line":60,"column":0},"end":{"line":60,"column":7}},"2":{"start":{"line":1,"column":0},"end":{"line":1,"column":56}},"3":{"start":{"line":2,"column":0},"end":{"line":2,"column":50}},"4":{"start":{"line":3,"column":0},"end":{"line":3,"column":51}},"5":{"start":{"line":4,"column":0},"end":{"line":4,"column":53}},"6":{"start":{"line":18,"column":20},"end":{"line":18,"column":71}},"7":{"start":{"line":18,"column":48},"end":{"line":18,"column":70}},"8":{"start":{"line":19,"column":18},"end":{"line":19,"column":58}},"9":{"start":{"line":19,"column":52},"end":{"line":19,"column":56}},"10":{"start":{"line":20,"column":20},"end":{"line":20,"column":77}},"11":{"start":{"line":20,"column":48},"end":{"line":20,"column":69}},"12":{"start":{"line":22,"column":2},"end":{"line":31,"column":4}},"13":{"start":{"line":39,"column":18},"end":{"line":39,"column":53}},"14":{"start":{"line":40,"column":22},"end":{"line":40,"column":65}},"15":{"start":{"line":41,"column":2},"end":{"line":43,"column":3}},"16":{"start":{"line":42,"column":4},"end":{"line":42,"column":73}},"17":{"start":{"line":45,"column":23},"end":{"line":45,"column":35}},"18":{"start":{"line":46,"column":29},"end":{"line":46,"column":78}},"19":{"start":{"line":47,"column":13},"end":{"line":47,"column":21}},"20":{"start":{"line":48,"column":15},"end":{"line":49,"column":null}},"21":{"start":{"line":49,"column":16},"end":{"line":49,"column":104}},"22":{"start":{"line":52,"column":2},"end":{"line":54,"column":3}},"23":{"start":{"line":53,"column":4},"end":{"line":53,"column":75}},"24":{"start":{"line":56,"column":2},"end":{"line":56,"column":56}},"25":{"start":{"line":64,"column":18},"end":{"line":64,"column":53}},"26":{"start":{"line":65,"column":22},"end":{"line":65,"column":65}},"27":{"start":{"line":66,"column":2},"end":{"line":68,"column":3}},"28":{"start":{"line":67,"column":4},"end":{"line":67,"column":73}},"29":{"start":{"line":70,"column":23},"end":{"line":70,"column":35}},"30":{"start":{"line":71,"column":29},"end":{"line":71,"column":78}},"31":{"start":{"line":72,"column":13},"end":{"line":72,"column":21}},"32":{"start":{"line":73,"column":20},"end":{"line":74,"column":null}},"33":{"start":{"line":74,"column":16},"end":{"line":74,"column":104}},"34":{"start":{"line":77,"column":2},"end":{"line":79,"column":3}},"35":{"start":{"line":78,"column":4},"end":{"line":78,"column":75}},"36":{"start":{"line":81,"column":21},"end":{"line":81,"column":40}},"37":{"start":{"line":82,"column":2},"end":{"line":84,"column":3}},"38":{"start":{"line":83,"column":4},"end":{"line":83,"column":70}},"39":{"start":{"line":87,"column":2},"end":{"line":91,"column":3}},"40":{"start":{"line":88,"column":4},"end":{"line":88,"column":28}},"41":{"start":{"line":90,"column":4},"end":{"line":90,"column":78}},"42":{"start":{"line":93,"column":2},"end":{"line":102,"column":3}},"43":{"start":{"line":94,"column":4},"end":{"line":96,"column":5}},"44":{"start":{"line":95,"column":6},"end":{"line":95,"column":91}},"45":{"start":{"line":97,"column":17},"end":{"line":97,"column":40}},"46":{"start":{"line":98,"column":4},"end":{"line":100,"column":5}},"47":{"start":{"line":99,"column":6},"end":{"line":99,"column":98}},"48":{"start":{"line":101,"column":4},"end":{"line":101,"column":34}},"49":{"start":{"line":104,"column":2},"end":{"line":113,"column":3}},"50":{"start":{"line":105,"column":4},"end":{"line":107,"column":5}},"51":{"start":{"line":106,"column":6},"end":{"line":106,"column":83}},"52":{"start":{"line":108,"column":16},"end":{"line":108,"column":31}},"53":{"start":{"line":109,"column":4},"end":{"line":111,"column":5}},"54":{"start":{"line":110,"column":6},"end":{"line":110,"column":97}},"55":{"start":{"line":112,"column":4},"end":{"line":112,"column":45}},"56":{"start":{"line":115,"column":2},"end":{"line":130,"column":3}},"57":{"start":{"line":116,"column":4},"end":{"line":118,"column":5}},"58":{"start":{"line":117,"column":6},"end":{"line":117,"column":89}},"59":{"start":{"line":119,"column":19},"end":{"line":119,"column":40}},"60":{"start":{"line":120,"column":4},"end":{"line":129,"column":5}},"61":{"start":{"line":121,"column":6},"end":{"line":121,"column":34}},"62":{"start":{"line":123,"column":6},"end":{"line":127,"column":7}},"63":{"start":{"line":124,"column":8},"end":{"line":124,"column":24}},"64":{"start":{"line":126,"column":8},"end":{"line":126,"column":94}},"65":{"start":{"line":128,"column":6},"end":{"line":128,"column":36}},"66":{"start":{"line":132,"column":2},"end":{"line":132,"column":35}},"67":{"start":{"line":133,"column":2},"end":{"line":133,"column":14}},"68":{"start":{"line":135,"column":2},"end":{"line":135,"column":62}}},"fnMap":{"0":{"name":"toProfileResponse","decl":{"start":{"line":17,"column":9},"end":{"line":17,"column":26}},"loc":{"start":{"line":17,"column":45},"end":{"line":32,"column":1}}},"1":{"name":"(anonymous_1)","decl":{"start":{"line":18,"column":36},"end":{"line":18,"column":37}},"loc":{"start":{"line":18,"column":48},"end":{"line":18,"column":70}}},"2":{"name":"(anonymous_2)","decl":{"start":{"line":19,"column":40},"end":{"line":19,"column":41}},"loc":{"start":{"line":19,"column":52},"end":{"line":19,"column":56}}},"3":{"name":"(anonymous_3)","decl":{"start":{"line":20,"column":36},"end":{"line":20,"column":37}},"loc":{"start":{"line":20,"column":48},"end":{"line":20,"column":69}}},"4":{"name":"GET","decl":{"start":{"line":35,"column":22},"end":{"line":35,"column":25}},"loc":{"start":{"line":37,"column":55},"end":{"line":57,"column":1}}},"5":{"name":"(anonymous_5)","decl":{"start":{"line":49,"column":4},"end":{"line":49,"column":5}},"loc":{"start":{"line":49,"column":16},"end":{"line":49,"column":104}}},"6":{"name":"PATCH","decl":{"start":{"line":60,"column":22},"end":{"line":60,"column":27}},"loc":{"start":{"line":62,"column":55},"end":{"line":136,"column":1}}},"7":{"name":"(anonymous_7)","decl":{"start":{"line":74,"column":4},"end":{"line":74,"column":5}},"loc":{"start":{"line":74,"column":16},"end":{"line":74,"column":104}}}},"branchMap":{"0":{"loc":{"start":{"line":26,"column":9},"end":{"line":26,"column":25}},"type":"cond-expr","locations":[{"start":{"line":26,"column":17},"end":{"line":26,"column":21}},{"start":{"line":26,"column":21},"end":{"line":26,"column":25}}]},"1":{"loc":{"start":{"line":26,"column":9},"end":{"line":26,"column":21}},"type":"binary-expr","locations":[{"start":{"line":26,"column":9},"end":{"line":26,"column":21}},{"start":{"line":26,"column":17},"end":{"line":26,"column":21}}]},"2":{"loc":{"start":{"line":27,"column":15},"end":{"line":27,"column":37}},"type":"cond-expr","locations":[{"start":{"line":27,"column":29},"end":{"line":27,"column":33}},{"start":{"line":27,"column":33},"end":{"line":27,"column":37}}]},"3":{"loc":{"start":{"line":27,"column":15},"end":{"line":27,"column":33}},"type":"binary-expr","locations":[{"start":{"line":27,"column":15},"end":{"line":27,"column":33}},{"start":{"line":27,"column":29},"end":{"line":27,"column":33}}]},"4":{"loc":{"start":{"line":40,"column":22},"end":{"line":40,"column":65}},"type":"cond-expr","locations":[{"start":{"line":40,"column":29},"end":{"line":40,"column":31}},{"start":{"line":40,"column":22},"end":{"line":40,"column":65}}]},"5":{"loc":{"start":{"line":40,"column":22},"end":{"line":40,"column":31}},"type":"binary-expr","locations":[{"start":{"line":40,"column":22},"end":{"line":40,"column":31}},{"start":{"line":40,"column":22},"end":{"line":40,"column":31}}]},"6":{"loc":{"start":{"line":41,"column":2},"end":{"line":43,"column":3}},"type":"if","locations":[{"start":{"line":41,"column":2},"end":{"line":43,"column":3}},{"start":{},"end":{}}]},"7":{"loc":{"start":{"line":41,"column":7},"end":{"line":41,"column":22}},"type":"cond-expr","locations":[{"start":{"line":41,"column":18},"end":{"line":41,"column":20}},{"start":{"line":41,"column":7},"end":{"line":41,"column":22}}]},"8":{"loc":{"start":{"line":41,"column":7},"end":{"line":41,"column":20}},"type":"binary-expr","locations":[{"start":{"line":41,"column":7},"end":{"line":41,"column":20}},{"start":{"line":41,"column":7},"end":{"line":41,"column":20}}]},"9":{"loc":{"start":{"line":49,"column":16},"end":{"line":49,"column":104}},"type":"binary-expr","locations":[{"start":{"line":49,"column":16},"end":{"line":49,"column":46}},{"start":{"line":49,"column":50},"end":{"line":49,"column":104}}]},"10":{"loc":{"start":{"line":52,"column":2},"end":{"line":54,"column":3}},"type":"if","locations":[{"start":{"line":52,"column":2},"end":{"line":54,"column":3}},{"start":{},"end":{}}]},"11":{"loc":{"start":{"line":65,"column":22},"end":{"line":65,"column":65}},"type":"cond-expr","locations":[{"start":{"line":65,"column":29},"end":{"line":65,"column":31}},{"start":{"line":65,"column":22},"end":{"line":65,"column":65}}]},"12":{"loc":{"start":{"line":65,"column":22},"end":{"line":65,"column":31}},"type":"binary-expr","locations":[{"start":{"line":65,"column":22},"end":{"line":65,"column":31}},{"start":{"line":65,"column":22},"end":{"line":65,"column":31}}]},"13":{"loc":{"start":{"line":66,"column":2},"end":{"line":68,"column":3}},"type":"if","locations":[{"start":{"line":66,"column":2},"end":{"line":68,"column":3}},{"start":{},"end":{}}]},"14":{"loc":{"start":{"line":66,"column":7},"end":{"line":66,"column":22}},"type":"cond-expr","locations":[{"start":{"line":66,"column":18},"end":{"line":66,"column":20}},{"start":{"line":66,"column":7},"end":{"line":66,"column":22}}]},"15":{"loc":{"start":{"line":66,"column":7},"end":{"line":66,"column":20}},"type":"binary-expr","locations":[{"start":{"line":66,"column":7},"end":{"line":66,"column":20}},{"start":{"line":66,"column":7},"end":{"line":66,"column":20}}]},"16":{"loc":{"start":{"line":74,"column":16},"end":{"line":74,"column":104}},"type":"binary-expr","locations":[{"start":{"line":74,"column":16},"end":{"line":74,"column":46}},{"start":{"line":74,"column":50},"end":{"line":74,"column":104}}]},"17":{"loc":{"start":{"line":77,"column":2},"end":{"line":79,"column":3}},"type":"if","locations":[{"start":{"line":77,"column":2},"end":{"line":79,"column":3}},{"start":{},"end":{}}]},"18":{"loc":{"start":{"line":82,"column":2},"end":{"line":84,"column":3}},"type":"if","locations":[{"start":{"line":82,"column":2},"end":{"line":84,"column":3}},{"start":{},"end":{}}]},"19":{"loc":{"start":{"line":93,"column":2},"end":{"line":102,"column":3}},"type":"if","locations":[{"start":{"line":93,"column":2},"end":{"line":102,"column":3}},{"start":{},"end":{}}]},"20":{"loc":{"start":{"line":94,"column":4},"end":{"line":96,"column":5}},"type":"if","locations":[{"start":{"line":94,"column":4},"end":{"line":96,"column":5}},{"start":{},"end":{}}]},"21":{"loc":{"start":{"line":98,"column":4},"end":{"line":100,"column":5}},"type":"if","locations":[{"start":{"line":98,"column":4},"end":{"line":100,"column":5}},{"start":{},"end":{}}]},"22":{"loc":{"start":{"line":98,"column":8},"end":{"line":98,"column":43}},"type":"binary-expr","locations":[{"start":{"line":98,"column":8},"end":{"line":98,"column":23}},{"start":{"line":98,"column":27},"end":{"line":98,"column":43}}]},"23":{"loc":{"start":{"line":104,"column":2},"end":{"line":113,"column":3}},"type":"if","locations":[{"start":{"line":104,"column":2},"end":{"line":113,"column":3}},{"start":{},"end":{}}]},"24":{"loc":{"start":{"line":105,"column":4},"end":{"line":107,"column":5}},"type":"if","locations":[{"start":{"line":105,"column":4},"end":{"line":107,"column":5}},{"start":{},"end":{}}]},"25":{"loc":{"start":{"line":109,"column":4},"end":{"line":111,"column":5}},"type":"if","locations":[{"start":{"line":109,"column":4},"end":{"line":111,"column":5}},{"start":{},"end":{}}]},"26":{"loc":{"start":{"line":112,"column":21},"end":{"line":112,"column":44}},"type":"cond-expr","locations":[{"start":{"line":112,"column":34},"end":{"line":112,"column":37}},{"start":{"line":112,"column":40},"end":{"line":112,"column":44}}]},"27":{"loc":{"start":{"line":115,"column":2},"end":{"line":130,"column":3}},"type":"if","locations":[{"start":{"line":115,"column":2},"end":{"line":130,"column":3}},{"start":{},"end":{}}]},"28":{"loc":{"start":{"line":116,"column":4},"end":{"line":118,"column":5}},"type":"if","locations":[{"start":{"line":116,"column":4},"end":{"line":118,"column":5}},{"start":{},"end":{}}]},"29":{"loc":{"start":{"line":120,"column":4},"end":{"line":129,"column":5}},"type":"if","locations":[{"start":{"line":120,"column":4},"end":{"line":129,"column":5}},{"start":{"line":122,"column":11},"end":{"line":129,"column":5}}]}},"s":{"0":1,"1":1,"2":1,"3":1,"4":1,"5":1,"6":2,"7":6,"8":2,"9":4,"10":2,"11":6,"12":2,"13":3,"14":3,"15":3,"16":1,"17":2,"18":2,"19":2,"20":2,"21":3,"22":2,"23":1,"24":1,"25":5,"26":5,"27":5,"28":1,"29":4,"30":4,"31":4,"32":4,"33":4,"34":4,"35":0,"36":4,"37":4,"38":1,"39":3,"40":3,"41":0,"42":3,"43":2,"44":0,"45":2,"46":2,"47":1,"48":1,"49":2,"50":2,"51":0,"52":2,"53":2,"54":1,"55":1,"56":1,"57":0,"58":0,"59":0,"60":0,"61":0,"62":0,"63":0,"64":0,"65":0,"66":1,"67":1,"68":1},"f":{"0":2,"1":6,"2":4,"3":6,"4":3,"5":3,"6":5,"7":4},"b":{"0":[2,0],"1":[2,2],"2":[0,2],"3":[2,0],"4":[1,2],"5":[3,2],"6":[1,2],"7":[1,2],"8":[3,3],"9":[3,3],"10":[1,1],"11":[1,4],"12":[5,4],"13":[1,4],"14":[1,4],"15":[5,5],"16":[4,4],"17":[0,4],"18":[1,3],"19":[2,1],"20":[0,2],"21":[1,1],"22":[2,2],"23":[2,0],"24":[0,2],"25":[1,1],"26":[1,0],"27":[0,1],"28":[0,0],"29":[0,0]}}
,"/Users/sofiiatkach/Desktop/LLM/updated_microblogging_app/app/api/users/[username]/avatar/route.ts": {"path":"/Users/sofiiatkach/Desktop/LLM/updated_microblogging_app/app/api/users/[username]/avatar/route.ts","statementMap":{"0":{"start":{"line":9,"column":0},"end":{"line":9,"column":7}},"1":{"start":{"line":1,"column":0},"end":{"line":1,"column":56}},"2":{"start":{"line":2,"column":0},"end":{"line":2,"column":50}},"3":{"start":{"line":3,"column":0},"end":{"line":3,"column":54}},"4":{"start":{"line":4,"column":0},"end":{"line":4,"column":56}},"5":{"start":{"line":6,"column":30},"end":{"line":6,"column":45}},"6":{"start":{"line":7,"column":22},"end":{"line":7,"column":85}},"7":{"start":{"line":13,"column":18},"end":{"line":13,"column":53}},"8":{"start":{"line":14,"column":22},"end":{"line":14,"column":65}},"9":{"start":{"line":15,"column":2},"end":{"line":17,"column":3}},"10":{"start":{"line":16,"column":4},"end":{"line":16,"column":73}},"11":{"start":{"line":19,"column":23},"end":{"line":19,"column":35}},"12":{"start":{"line":20,"column":29},"end":{"line":20,"column":78}},"13":{"start":{"line":21,"column":13},"end":{"line":21,"column":21}},"14":{"start":{"line":22,"column":20},"end":{"line":23,"column":null}},"15":{"start":{"line":23,"column":16},"end":{"line":23,"column":104}},"16":{"start":{"line":26,"column":2},"end":{"line":28,"column":3}},"17":{"start":{"line":27,"column":4},"end":{"line":27,"column":75}},"18":{"start":{"line":30,"column":21},"end":{"line":30,"column":40}},"19":{"start":{"line":31,"column":2},"end":{"line":33,"column":3}},"20":{"start":{"line":32,"column":4},"end":{"line":32,"column":70}},"21":{"start":{"line":36,"column":2},"end":{"line":40,"column":3}},"22":{"start":{"line":37,"column":4},"end":{"line":37,"column":36}},"23":{"start":{"line":39,"column":4},"end":{"line":39,"column":78}},"24":{"start":{"line":42,"column":20},"end":{"line":42,"column":42}},"25":{"start":{"line":43,"column":2},"end":{"line":45,"column":3}},"26":{"start":{"line":44,"column":4},"end":{"line":44,"column":84}},"27":{"start":{"line":47,"column":2},"end":{"line":49,"column":3}},"28":{"start":{"line":48,"column":4},"end":{"line":48,"column":112}},"29":{"start":{"line":51,"column":2},"end":{"line":53,"column":3}},"30":{"start":{"line":52,"column":4},"end":{"line":52,"column":96}},"31":{"start":{"line":55,"column":21},"end":{"line":55,"column":63}},"32":{"start":{"line":56,"column":17},"end":{"line":56,"column":46}},"33":{"start":{"line":57,"column":20},"end":{"line":57,"column":61}},"34":{"start":{"line":59,"column":2},"end":{"line":59,"column":35}},"35":{"start":{"line":60,"column":2},"end":{"line":60,"column":35}},"36":{"start":{"line":61,"column":2},"end":{"line":61,"column":14}},"37":{"start":{"line":63,"column":2},"end":{"line":63,"column":42}}},"fnMap":{"0":{"name":"POST","decl":{"start":{"line":9,"column":22},"end":{"line":9,"column":26}},"loc":{"start":{"line":11,"column":55},"end":{"line":64,"column":1}}},"1":{"name":"(anonymous_1)","decl":{"start":{"line":23,"column":4},"end":{"line":23,"column":5}},"loc":{"start":{"line":23,"column":16},"end":{"line":23,"column":104}}}},"branchMap":{"0":{"loc":{"start":{"line":14,"column":22},"end":{"line":14,"column":65}},"type":"cond-expr","locations":[{"start":{"line":14,"column":29},"end":{"line":14,"column":31}},{"start":{"line":14,"column":22},"end":{"line":14,"column":65}}]},"1":{"loc":{"start":{"line":14,"column":22},"end":{"line":14,"column":31}},"type":"binary-expr","locations":[{"start":{"line":14,"column":22},"end":{"line":14,"column":31}},{"start":{"line":14,"column":22},"end":{"line":14,"column":31}}]},"2":{"loc":{"start":{"line":15,"column":2},"end":{"line":17,"column":3}},"type":"if","locations":[{"start":{"line":15,"column":2},"end":{"line":17,"column":3}},{"start":{},"end":{}}]},"3":{"loc":{"start":{"line":15,"column":7},"end":{"line":15,"column":22}},"type":"cond-expr","locations":[{"start":{"line":15,"column":18},"end":{"line":15,"column":20}},{"start":{"line":15,"column":7},"end":{"line":15,"column":22}}]},"4":{"loc":{"start":{"line":15,"column":7},"end":{"line":15,"column":20}},"type":"binary-expr","locations":[{"start":{"line":15,"column":7},"end":{"line":15,"column":20}},{"start":{"line":15,"column":7},"end":{"line":15,"column":20}}]},"5":{"loc":{"start":{"line":23,"column":16},"end":{"line":23,"column":104}},"type":"binary-expr","locations":[{"start":{"line":23,"column":16},"end":{"line":23,"column":46}},{"start":{"line":23,"column":50},"end":{"line":23,"column":104}}]},"6":{"loc":{"start":{"line":26,"column":2},"end":{"line":28,"column":3}},"type":"if","locations":[{"start":{"line":26,"column":2},"end":{"line":28,"column":3}},{"start":{},"end":{}}]},"7":{"loc":{"start":{"line":31,"column":2},"end":{"line":33,"column":3}},"type":"if","locations":[{"start":{"line":31,"column":2},"end":{"line":33,"column":3}},{"start":{},"end":{}}]},"8":{"loc":{"start":{"line":43,"column":2},"end":{"line":45,"column":3}},"type":"if","locations":[{"start":{"line":43,"column":2},"end":{"line":45,"column":3}},{"start":{},"end":{}}]},"9":{"loc":{"start":{"line":47,"column":2},"end":{"line":49,"column":3}},"type":"if","locations":[{"start":{"line":47,"column":2},"end":{"line":49,"column":3}},{"start":{},"end":{}}]},"10":{"loc":{"start":{"line":51,"column":2},"end":{"line":53,"column":3}},"type":"if","locations":[{"start":{"line":51,"column":2},"end":{"line":53,"column":3}},{"start":{},"end":{}}]}},"s":{"0":1,"1":1,"2":1,"3":1,"4":1,"5":1,"6":1,"7":5,"8":5,"9":5,"10":1,"11":4,"12":4,"13":4,"14":4,"15":4,"16":4,"17":0,"18":4,"19":4,"20":0,"21":4,"22":4,"23":0,"24":4,"25":4,"26":1,"27":3,"28":1,"29":2,"30":1,"31":1,"32":1,"33":1,"34":1,"35":1,"36":1,"37":1},"f":{"0":5,"1":4},"b":{"0":[1,4],"1":[5,4],"2":[1,4],"3":[1,4],"4":[5,5],"5":[4,4],"6":[0,4],"7":[0,4],"8":[1,3],"9":[1,2],"10":[1,1]}}
,"/Users/sofiiatkach/Desktop/LLM/updated_microblogging_app/app/api/users/[username]/posts/route.ts": {"path":"/Users/sofiiatkach/Desktop/LLM/updated_microblogging_app/app/api/users/[username]/posts/route.ts","statementMap":{"0":{"start":{"line":8,"column":0},"end":{"line":8,"column":7}},"1":{"start":{"line":1,"column":0},"end":{"line":1,"column":56}},"2":{"start":{"line":2,"column":0},"end":{"line":2,"column":50}},"3":{"start":{"line":3,"column":0},"end":{"line":3,"column":54}},"4":{"start":{"line":4,"column":0},"end":{"line":4,"column":47}},"5":{"start":{"line":12,"column":18},"end":{"line":12,"column":53}},"6":{"start":{"line":13,"column":22},"end":{"line":13,"column":65}},"7":{"start":{"line":14,"column":2},"end":{"line":16,"column":3}},"8":{"start":{"line":15,"column":4},"end":{"line":15,"column":73}},"9":{"start":{"line":18,"column":23},"end":{"line":18,"column":35}},"10":{"start":{"line":19,"column":29},"end":{"line":19,"column":78}},"11":{"start":{"line":20,"column":27},"end":{"line":20,"column":43}},"12":{"start":{"line":21,"column":22},"end":{"line":21,"column":48}},"13":{"start":{"line":22,"column":16},"end":{"line":22,"column":69}},"14":{"start":{"line":24,"column":13},"end":{"line":24,"column":21}},"15":{"start":{"line":25,"column":22},"end":{"line":26,"column":null}},"16":{"start":{"line":26,"column":16},"end":{"line":26,"column":104}},"17":{"start":{"line":28,"column":2},"end":{"line":30,"column":3}},"18":{"start":{"line":29,"column":4},"end":{"line":29,"column":75}},"19":{"start":{"line":32,"column":23},"end":{"line":37,"column":6}},"20":{"start":{"line":33,"column":24},"end":{"line":33,"column":53}},"21":{"start":{"line":35,"column":6},"end":{"line":35,"column":85}},"22":{"start":{"line":35,"column":39},"end":{"line":35,"column":85}},"23":{"start":{"line":36,"column":6},"end":{"line":36,"column":38}},"24":{"start":{"line":39,"column":17},"end":{"line":39,"column":18}},"25":{"start":{"line":40,"column":2},"end":{"line":49,"column":3}},"26":{"start":{"line":41,"column":4},"end":{"line":48,"column":5}},"27":{"start":{"line":42,"column":21},"end":{"line":42,"column":78}},"28":{"start":{"line":43,"column":6},"end":{"line":45,"column":12}},"29":{"start":{"line":44,"column":20},"end":{"line":44,"column":74}},"30":{"start":{"line":47,"column":6},"end":{"line":47,"column":77}},"31":{"start":{"line":51,"column":15},"end":{"line":51,"column":61}},"32":{"start":{"line":53,"column":4},"end":{"line":60,"column":12}},"33":{"start":{"line":62,"column":32},"end":{"line":83,"column":4}},"34":{"start":{"line":63,"column":22},"end":{"line":63,"column":78}},"35":{"start":{"line":63,"column":50},"end":{"line":63,"column":70}},"36":{"start":{"line":64,"column":23},"end":{"line":64,"column":81}},"37":{"start":{"line":64,"column":53},"end":{"line":64,"column":73}},"38":{"start":{"line":65,"column":31},"end":{"line":66,"column":null}},"39":{"start":{"line":66,"column":18},"end":{"line":66,"column":69}},"40":{"start":{"line":69,"column":4},"end":{"line":82,"column":6}},"41":{"start":{"line":85,"column":33},"end":{"line":85,"column":54}},"42":{"start":{"line":86,"column":2},"end":{"line":86,"column":37}}},"fnMap":{"0":{"name":"GET","decl":{"start":{"line":8,"column":22},"end":{"line":8,"column":25}},"loc":{"start":{"line":10,"column":55},"end":{"line":87,"column":1}}},"1":{"name":"(anonymous_1)","decl":{"start":{"line":26,"column":4},"end":{"line":26,"column":5}},"loc":{"start":{"line":26,"column":16},"end":{"line":26,"column":104}}},"2":{"name":"(anonymous_2)","decl":{"start":{"line":33,"column":12},"end":{"line":33,"column":13}},"loc":{"start":{"line":33,"column":24},"end":{"line":33,"column":53}}},"3":{"name":"(anonymous_3)","decl":{"start":{"line":34,"column":10},"end":{"line":34,"column":11}},"loc":{"start":{"line":34,"column":29},"end":{"line":37,"column":5}}},"4":{"name":"(anonymous_4)","decl":{"start":{"line":44,"column":8},"end":{"line":44,"column":9}},"loc":{"start":{"line":44,"column":20},"end":{"line":44,"column":74}}},"5":{"name":"(anonymous_5)","decl":{"start":{"line":62,"column":41},"end":{"line":62,"column":42}},"loc":{"start":{"line":62,"column":55},"end":{"line":83,"column":3}}},"6":{"name":"(anonymous_6)","decl":{"start":{"line":63,"column":38},"end":{"line":63,"column":39}},"loc":{"start":{"line":63,"column":50},"end":{"line":63,"column":70}}},"7":{"name":"(anonymous_7)","decl":{"start":{"line":64,"column":41},"end":{"line":64,"column":42}},"loc":{"start":{"line":64,"column":53},"end":{"line":64,"column":73}}},"8":{"name":"(anonymous_8)","decl":{"start":{"line":66,"column":6},"end":{"line":66,"column":7}},"loc":{"start":{"line":66,"column":18},"end":{"line":66,"column":69}}}},"branchMap":{"0":{"loc":{"start":{"line":13,"column":22},"end":{"line":13,"column":65}},"type":"cond-expr","locations":[{"start":{"line":13,"column":29},"end":{"line":13,"column":31}},{"start":{"line":13,"column":22},"end":{"line":13,"column":65}}]},"1":{"loc":{"start":{"line":13,"column":22},"end":{"line":13,"column":31}},"type":"binary-expr","locations":[{"start":{"line":13,"column":22},"end":{"line":13,"column":31}},{"start":{"line":13,"column":22},"end":{"line":13,"column":31}}]},"2":{"loc":{"start":{"line":14,"column":2},"end":{"line":16,"column":3}},"type":"if","locations":[{"start":{"line":14,"column":2},"end":{"line":16,"column":3}},{"start":{},"end":{}}]},"3":{"loc":{"start":{"line":14,"column":7},"end":{"line":14,"column":22}},"type":"cond-expr","locations":[{"start":{"line":14,"column":18},"end":{"line":14,"column":20}},{"start":{"line":14,"column":7},"end":{"line":14,"column":22}}]},"4":{"loc":{"start":{"line":14,"column":7},"end":{"line":14,"column":20}},"type":"binary-expr","locations":[{"start":{"line":14,"column":7},"end":{"line":14,"column":20}},{"start":{"line":14,"column":7},"end":{"line":14,"column":20}}]},"5":{"loc":{"start":{"line":22,"column":25},"end":{"line":22,"column":64}},"type":"binary-expr","locations":[{"start":{"line":22,"column":25},"end":{"line":22,"column":58}},{"start":{"line":22,"column":62},"end":{"line":22,"column":64}}]},"6":{"loc":{"start":{"line":26,"column":16},"end":{"line":26,"column":104}},"type":"binary-expr","locations":[{"start":{"line":26,"column":16},"end":{"line":26,"column":46}},{"start":{"line":26,"column":50},"end":{"line":26,"column":104}}]},"7":{"loc":{"start":{"line":28,"column":2},"end":{"line":30,"column":3}},"type":"if","locations":[{"start":{"line":28,"column":2},"end":{"line":30,"column":3}},{"start":{},"end":{}}]},"8":{"loc":{"start":{"line":35,"column":6},"end":{"line":35,"column":85}},"type":"if","locations":[{"start":{"line":35,"column":6},"end":{"line":35,"column":85}},{"start":{},"end":{}}]},"9":{"loc":{"start":{"line":40,"column":2},"end":{"line":49,"column":3}},"type":"if","locations":[{"start":{"line":40,"column":2},"end":{"line":49,"column":3}},{"start":{},"end":{}}]},"10":{"loc":{"start":{"line":44,"column":20},"end":{"line":44,"column":74}},"type":"binary-expr","locations":[{"start":{"line":44,"column":20},"end":{"line":44,"column":52}},{"start":{"line":44,"column":56},"end":{"line":44,"column":74}}]},"11":{"loc":{"start":{"line":53,"column":4},"end":{"line":60,"column":12}},"type":"cond-expr","locations":[{"start":{"line":54,"column":8},"end":{"line":59,"column":28}},{"start":{"line":60,"column":8},"end":{"line":60,"column":12}}]},"12":{"loc":{"start":{"line":66,"column":18},"end":{"line":66,"column":69}},"type":"binary-expr","locations":[{"start":{"line":66,"column":18},"end":{"line":66,"column":38}},{"start":{"line":66,"column":42},"end":{"line":66,"column":69}}]},"13":{"loc":{"start":{"line":77,"column":19},"end":{"line":77,"column":48}},"type":"cond-expr","locations":[{"start":{"line":77,"column":40},"end":{"line":77,"column":44}},{"start":{"line":77,"column":44},"end":{"line":77,"column":48}}]},"14":{"loc":{"start":{"line":77,"column":19},"end":{"line":77,"column":44}},"type":"binary-expr","locations":[{"start":{"line":77,"column":19},"end":{"line":77,"column":44}},{"start":{"line":77,"column":40},"end":{"line":77,"column":44}}]}},"s":{"0":1,"1":1,"2":1,"3":1,"4":1,"5":3,"6":3,"7":3,"8":1,"9":2,"10":2,"11":2,"12":2,"13":2,"14":2,"15":2,"16":3,"17":2,"18":1,"19":1,"20":3,"21":1,"22":1,"23":0,"24":1,"25":1,"26":0,"27":0,"28":0,"29":0,"30":0,"31":1,"32":1,"33":1,"34":2,"35":4,"36":2,"37":2,"38":2,"39":3,"40":2,"41":1,"42":1},"f":{"0":3,"1":3,"2":3,"3":1,"4":0,"5":2,"6":4,"7":2,"8":3},"b":{"0":[1,2],"1":[3,2],"2":[1,2],"3":[1,2],"4":[3,3],"5":[2,2],"6":[3,3],"7":[1,1],"8":[1,0],"9":[0,1],"10":[0,0],"11":[0,1],"12":[3,2],"13":[0,2],"14":[2,0]}}
,"/Users/sofiiatkach/Desktop/LLM/updated_microblogging_app/lib/auth.ts": {"path":"/Users/sofiiatkach/Desktop/LLM/updated_microblogging_app/lib/auth.ts","statementMap":{"0":{"start":{"line":2,"column":0},"end":{"line":2,"column":66}},"1":{"start":{"line":3,"column":0},"end":{"line":3,"column":30}},"2":{"start":{"line":4,"column":0},"end":{"line":4,"column":35}},"3":{"start":{"line":6,"column":13},"end":{"line":59,"column":2}},"4":{"start":{"line":18,"column":8},"end":{"line":20,"column":9}},"5":{"start":{"line":19,"column":10},"end":{"line":19,"column":22}},"6":{"start":{"line":21,"column":19},"end":{"line":21,"column":27}},"7":{"start":{"line":22,"column":21},"end":{"line":22,"column":77}},"8":{"start":{"line":22,"column":47},"end":{"line":22,"column":76}},"9":{"start":{"line":23,"column":8},"end":{"line":23,"column":55}},"10":{"start":{"line":23,"column":43},"end":{"line":23,"column":55}},"11":{"start":{"line":24,"column":22},"end":{"line":24,"column":78}},"12":{"start":{"line":25,"column":8},"end":{"line":25,"column":32}},"13":{"start":{"line":25,"column":20},"end":{"line":25,"column":32}},"14":{"start":{"line":27,"column":48},"end":{"line":27,"column":52}},"15":{"start":{"line":27,"column":43},"end":{"line":27,"column":48}},"16":{"start":{"line":28,"column":8},"end":{"line":28,"column":24}},"17":{"start":{"line":34,"column":6},"end":{"line":40,"column":7}},"18":{"start":{"line":36,"column":8},"end":{"line":36,"column":54}},"19":{"start":{"line":36,"column":26},"end":{"line":36,"column":54}},"20":{"start":{"line":37,"column":8},"end":{"line":37,"column":72}},"21":{"start":{"line":37,"column":32},"end":{"line":37,"column":72}},"22":{"start":{"line":38,"column":8},"end":{"line":38,"column":81}},"23":{"start":{"line":38,"column":35},"end":{"line":38,"column":81}},"24":{"start":{"line":39,"column":8},"end":{"line":39,"column":63}},"25":{"start":{"line":39,"column":29},"end":{"line":39,"column":63}},"26":{"start":{"line":42,"column":6},"end":{"line":42,"column":38}},"27":{"start":{"line":43,"column":6},"end":{"line":43,"column":19}},"28":{"start":{"line":46,"column":6},"end":{"line":51,"column":7}},"29":{"start":{"line":47,"column":9},"end":{"line":47,"column":44}},"30":{"start":{"line":48,"column":9},"end":{"line":48,"column":56}},"31":{"start":{"line":49,"column":9},"end":{"line":49,"column":62}},"32":{"start":{"line":50,"column":9},"end":{"line":50,"column":50}},"33":{"start":{"line":52,"column":6},"end":{"line":52,"column":21}},"34":{"start":{"line":61,"column":0},"end":{"line":61,"column":27}}},"fnMap":{"0":{"name":"(anonymous_2)","decl":{"start":{"line":17,"column":6},"end":{"line":17,"column":11}},"loc":{"start":{"line":17,"column":33},"end":{"line":29,"column":7}}},"1":{"name":"(anonymous_3)","decl":{"start":{"line":22,"column":35},"end":{"line":22,"column":36}},"loc":{"start":{"line":22,"column":47},"end":{"line":22,"column":76}}},"2":{"name":"(anonymous_4)","decl":{"start":{"line":33,"column":4},"end":{"line":33,"column":9}},"loc":{"start":{"line":33,"column":29},"end":{"line":44,"column":5}}},"3":{"name":"(anonymous_5)","decl":{"start":{"line":45,"column":4},"end":{"line":45,"column":9}},"loc":{"start":{"line":45,"column":36},"end":{"line":53,"column":5}}}},"branchMap":{"0":{"loc":{"start":{"line":18,"column":8},"end":{"line":20,"column":9}},"type":"if","locations":[{"start":{"line":18,"column":8},"end":{"line":20,"column":9}},{"start":{},"end":{}}]},"1":{"loc":{"start":{"line":18,"column":12},"end":{"line":18,"column":59}},"type":"binary-expr","locations":[{"start":{"line":18,"column":12},"end":{"line":18,"column":35}},{"start":{"line":18,"column":35},"end":{"line":18,"column":59}}]},"2":{"loc":{"start":{"line":18,"column":13},"end":{"line":18,"column":31}},"type":"cond-expr","locations":[{"start":{"line":18,"column":24},"end":{"line":18,"column":26}},{"start":{"line":18,"column":13},"end":{"line":18,"column":31}}]},"3":{"loc":{"start":{"line":18,"column":13},"end":{"line":18,"column":26}},"type":"binary-expr","locations":[{"start":{"line":18,"column":13},"end":{"line":18,"column":26}},{"start":{"line":18,"column":13},"end":{"line":18,"column":26}}]},"4":{"loc":{"start":{"line":18,"column":36},"end":{"line":18,"column":57}},"type":"cond-expr","locations":[{"start":{"line":18,"column":47},"end":{"line":18,"column":49}},{"start":{"line":18,"column":36},"end":{"line":18,"column":57}}]},"5":{"loc":{"start":{"line":18,"column":36},"end":{"line":18,"column":49}},"type":"binary-expr","locations":[{"start":{"line":18,"column":36},"end":{"line":18,"column":49}},{"start":{"line":18,"column":36},"end":{"line":18,"column":49}}]},"6":{"loc":{"start":{"line":23,"column":8},"end":{"line":23,"column":55}},"type":"if","locations":[{"start":{"line":23,"column":8},"end":{"line":23,"column":55}},{"start":{},"end":{}}]},"7":{"loc":{"start":{"line":23,"column":12},"end":{"line":23,"column":41}},"type":"binary-expr","locations":[{"start":{"line":23,"column":12},"end":{"line":23,"column":17}},{"start":{"line":23,"column":21},"end":{"line":23,"column":41}}]},"8":{"loc":{"start":{"line":25,"column":8},"end":{"line":25,"column":32}},"type":"if","locations":[{"start":{"line":25,"column":8},"end":{"line":25,"column":32}},{"start":{},"end":{}}]},"9":{"loc":{"start":{"line":34,"column":6},"end":{"line":40,"column":7}},"type":"if","locations":[{"start":{"line":34,"column":6},"end":{"line":40,"column":7}},{"start":{},"end":{}}]},"10":{"loc":{"start":{"line":34,"column":10},"end":{"line":34,"column":42}},"type":"binary-expr","locations":[{"start":{"line":34,"column":10},"end":{"line":34,"column":14}},{"start":{"line":34,"column":18},"end":{"line":34,"column":42}}]},"11":{"loc":{"start":{"line":36,"column":8},"end":{"line":36,"column":54}},"type":"if","locations":[{"start":{"line":36,"column":8},"end":{"line":36,"column":54}},{"start":{},"end":{}}]},"12":{"loc":{"start":{"line":37,"column":8},"end":{"line":37,"column":72}},"type":"if","locations":[{"start":{"line":37,"column":8},"end":{"line":37,"column":72}},{"start":{},"end":{}}]},"13":{"loc":{"start":{"line":38,"column":8},"end":{"line":38,"column":81}},"type":"if","locations":[{"start":{"line":38,"column":8},"end":{"line":38,"column":81}},{"start":{},"end":{}}]},"14":{"loc":{"start":{"line":39,"column":8},"end":{"line":39,"column":63}},"type":"if","locations":[{"start":{"line":39,"column":8},"end":{"line":39,"column":63}},{"start":{},"end":{}}]},"15":{"loc":{"start":{"line":46,"column":6},"end":{"line":51,"column":7}},"type":"if","locations":[{"start":{"line":46,"column":6},"end":{"line":51,"column":7}},{"start":{},"end":{}}]},"16":{"loc":{"start":{"line":46,"column":10},"end":{"line":46,"column":31}},"type":"binary-expr","locations":[{"start":{"line":46,"column":10},"end":{"line":46,"column":15}},{"start":{"line":46,"column":19},"end":{"line":46,"column":31}}]}},"s":{"0":7,"1":7,"2":7,"3":7,"4":0,"5":0,"6":0,"7":0,"8":0,"9":0,"10":0,"11":0,"12":0,"13":0,"14":0,"15":0,"16":0,"17":0,"18":0,"19":0,"20":0,"21":0,"22":0,"23":0,"24":0,"25":0,"26":0,"27":0,"28":0,"29":0,"30":0,"31":0,"32":0,"33":0,"34":7},"f":{"0":0,"1":0,"2":0,"3":0},"b":{"0":[0,0],"1":[0,0],"2":[0,0],"3":[0,0],"4":[0,0],"5":[0,0],"6":[0,0],"7":[0,0],"8":[0,0],"9":[0,0],"10":[0,0],"11":[0,0],"12":[0,0],"13":[0,0],"14":[0,0],"15":[0,0],"16":[0,0]}}
,"/Users/sofiiatkach/Desktop/LLM/updated_microblogging_app/lib/validatePostContent.ts": {"path":"/Users/sofiiatkach/Desktop/LLM/updated_microblogging_app/lib/validatePostContent.ts","statementMap":{"0":{"start":{"line":6,"column":0},"end":{"line":6,"column":16}},"1":{"start":{"line":7,"column":2},"end":{"line":9,"column":3}},"2":{"start":{"line":8,"column":4},"end":{"line":8,"column":65}},"3":{"start":{"line":10,"column":2},"end":{"line":12,"column":3}},"4":{"start":{"line":11,"column":4},"end":{"line":11,"column":72}},"5":{"start":{"line":13,"column":2},"end":{"line":13,"column":25}}},"fnMap":{"0":{"name":"validatePostContent","decl":{"start":{"line":6,"column":16},"end":{"line":6,"column":35}},"loc":{"start":{"line":6,"column":52},"end":{"line":14,"column":1}}}},"branchMap":{"0":{"loc":{"start":{"line":7,"column":2},"end":{"line":9,"column":3}},"type":"if","locations":[{"start":{"line":7,"column":2},"end":{"line":9,"column":3}},{"start":{},"end":{}}]},"1":{"loc":{"start":{"line":7,"column":6},"end":{"line":7,"column":62}},"type":"binary-expr","locations":[{"start":{"line":7,"column":6},"end":{"line":7,"column":33}},{"start":{"line":7,"column":37},"end":{"line":7,"column":62}}]},"2":{"loc":{"start":{"line":10,"column":2},"end":{"line":12,"column":3}},"type":"if","locations":[{"start":{"line":10,"column":2},"end":{"line":12,"column":3}},{"start":{},"end":{}}]}},"s":{"0":1,"1":4,"2":1,"3":3,"4":1,"5":2},"f":{"0":4},"b":{"0":[1,3],"1":[4,4],"2":[1,2]}}
}
