TN:
SF:app/api/posts/route.ts
FN:10,GET
FN:23,(anonymous_1)
FN:33,(anonymous_2)
FN:46,(anonymous_3)
FN:47,(anonymous_4)
FN:48,(anonymous_5)
FN:49,(anonymous_6)
FN:50,(anonymous_7)
FN:75,POST
FN:96,(anonymous_9)
FNF:10
FNH:10
FNDA:5,GET
FNDA:9,(anonymous_1)
FNDA:1,(anonymous_2)
FNDA:4,(anonymous_3)
FNDA:6,(anonymous_4)
FNDA:4,(anonymous_5)
FNDA:4,(anonymous_6)
FNDA:4,(anonymous_7)
FNDA:5,POST
FNDA:3,(anonymous_9)
DA:1,1
DA:2,1
DA:3,1
DA:4,1
DA:5,1
DA:6,1
DA:10,1
DA:11,5
DA:12,5
DA:13,5
DA:14,1
DA:16,4
DA:17,4
DA:18,4
DA:19,4
DA:21,4
DA:22,4
DA:23,4
DA:24,9
DA:25,0
DA:28,4
DA:29,4
DA:30,1
DA:31,1
DA:32,1
DA:33,1
DA:36,0
DA:39,4
DA:40,4
DA:45,4
DA:46,4
DA:47,6
DA:48,4
DA:49,4
DA:50,4
DA:51,4
DA:67,4
DA:71,4
DA:75,1
DA:76,5
DA:77,5
DA:78,5
DA:79,1
DA:81,4
DA:82,4
DA:83,4
DA:84,2
DA:86,2
DA:87,2
DA:93,2
DA:94,2
DA:95,2
DA:96,3
DA:97,2
DA:111,2
LF:55
LH:53
BRDA:12,0,0,1
BRDA:12,0,1,4
BRDA:12,1,0,5
BRDA:12,1,1,4
BRDA:13,2,0,1
BRDA:13,2,1,4
BRDA:13,3,0,1
BRDA:13,3,1,4
BRDA:13,4,0,5
BRDA:13,4,1,5
BRDA:19,5,0,4
BRDA:19,5,1,1
BRDA:24,6,0,9
BRDA:24,6,1,0
BRDA:29,7,0,1
BRDA:29,7,1,3
BRDA:33,8,0,1
BRDA:33,8,1,1
BRDA:40,9,0,3
BRDA:40,9,1,1
BRDA:50,10,0,4
BRDA:50,10,1,2
BRDA:54,11,0,4
BRDA:54,11,1,0
BRDA:58,12,0,4
BRDA:58,12,1,4
BRDA:77,13,0,1
BRDA:77,13,1,4
BRDA:77,14,0,5
BRDA:77,14,1,4
BRDA:78,15,0,1
BRDA:78,15,1,4
BRDA:78,16,0,1
BRDA:78,16,1,4
BRDA:78,17,0,5
BRDA:78,17,1,5
BRDA:83,18,0,2
BRDA:83,18,1,2
BRDA:100,19,0,2
BRDA:100,19,1,0
BRDA:104,20,0,2
BRDA:104,20,1,2
BRF:42
BRH:39
end_of_record
TN:
SF:app/api/posts/[postId]/route.ts
FN:9,GET
FN:20,(anonymous_1)
FN:24,(anonymous_2)
FN:25,(anonymous_3)
FN:26,(anonymous_4)
FN:27,(anonymous_5)
FN:46,DELETE
FN:57,(anonymous_7)
FN:67,(anonymous_8)
FN:68,(anonymous_9)
FNF:10
FNH:10
FNDA:3,GET
FNDA:2,(anonymous_1)
FNDA:1,(anonymous_2)
FNDA:1,(anonymous_3)
FNDA:1,(anonymous_4)
FNDA:1,(anonymous_5)
FNDA:4,DELETE
FNDA:3,(anonymous_7)
FNDA:2,(anonymous_8)
FNDA:2,(anonymous_9)
DA:1,1
DA:2,1
DA:3,1
DA:4,1
DA:5,1
DA:9,1
DA:13,3
DA:14,3
DA:15,3
DA:16,3
DA:17,1
DA:19,2
DA:20,2
DA:21,2
DA:22,1
DA:24,1
DA:25,1
DA:26,1
DA:27,1
DA:28,1
DA:42,1
DA:46,1
DA:50,4
DA:51,4
DA:52,4
DA:53,4
DA:54,1
DA:56,3
DA:57,3
DA:58,3
DA:59,0
DA:61,3
DA:62,3
DA:63,1
DA:64,1
DA:66,2
DA:67,2
DA:68,2
DA:69,2
DA:70,2
DA:71,2
LF:41
LH:40
BRDA:15,0,0,1
BRDA:15,0,1,2
BRDA:15,1,0,3
BRDA:15,1,1,2
BRDA:16,2,0,1
BRDA:16,2,1,2
BRDA:16,3,0,1
BRDA:16,3,1,2
BRDA:16,4,0,3
BRDA:16,4,1,3
BRDA:21,5,0,1
BRDA:21,5,1,1
BRDA:27,6,0,1
BRDA:27,6,1,1
BRDA:31,7,0,1
BRDA:31,7,1,0
BRDA:35,8,0,1
BRDA:35,8,1,1
BRDA:52,9,0,1
BRDA:52,9,1,3
BRDA:52,10,0,4
BRDA:52,10,1,3
BRDA:53,11,0,1
BRDA:53,11,1,3
BRDA:53,12,0,1
BRDA:53,12,1,3
BRDA:53,13,0,4
BRDA:53,13,1,4
BRDA:58,14,0,0
BRDA:58,14,1,3
BRDA:62,15,0,1
BRDA:62,15,1,2
BRF:32
BRH:30
end_of_record
TN:
SF:app/api/posts/[postId]/like/route.ts
FN:8,POST
FN:19,(anonymous_1)
FN:23,(anonymous_2)
FN:33,(anonymous_3)
FNF:4
FNH:4
FNDA:7,POST
FNDA:6,(anonymous_1)
FNDA:2,(anonymous_2)
FNDA:3,(anonymous_3)
DA:1,1
DA:2,1
DA:3,1
DA:4,1
DA:5,1
DA:8,1
DA:12,7
DA:13,7
DA:14,7
DA:15,7
DA:16,1
DA:18,6
DA:19,6
DA:20,6
DA:21,1
DA:23,5
DA:25,5
DA:26,2
DA:27,2
DA:29,3
DA:30,3
DA:32,5
DA:33,5
DA:34,5
DA:35,5
LF:25
LH:25
BRDA:14,0,0,1
BRDA:14,0,1,6
BRDA:14,1,0,7
BRDA:14,1,1,6
BRDA:15,2,0,1
BRDA:15,2,1,6
BRDA:15,3,0,1
BRDA:15,3,1,6
BRDA:15,4,0,7
BRDA:15,4,1,7
BRDA:20,5,0,1
BRDA:20,5,1,5
BRDA:23,6,0,2
BRDA:23,6,1,2
BRDA:25,7,0,2
BRDA:25,7,1,3
BRF:16
BRH:16
end_of_record
TN:
SF:app/api/posts/[postId]/replies/route.ts
FN:8,GET
FN:21,(anonymous_1)
FN:27,(anonymous_2)
FN:28,(anonymous_3)
FN:29,(anonymous_4)
FN:30,(anonymous_5)
FN:54,POST
FN:79,(anonymous_7)
FN:95,(anonymous_8)
FNF:9
FNH:9
FNDA:4,GET
FNDA:3,(anonymous_1)
FNDA:2,(anonymous_2)
FNDA:1,(anonymous_3)
FNDA:2,(anonymous_4)
FNDA:3,(anonymous_5)
FNDA:5,POST
FNDA:2,(anonymous_7)
FNDA:1,(anonymous_8)
DA:1,1
DA:2,1
DA:3,1
DA:4,1
DA:5,1
DA:6,1
DA:8,1
DA:12,4
DA:13,4
DA:14,4
DA:15,1
DA:18,3
DA:19,3
DA:21,3
DA:22,3
DA:23,1
DA:26,2
DA:27,2
DA:28,1
DA:30,3
DA:31,2
DA:51,2
DA:54,1
DA:58,5
DA:59,5
DA:60,5
DA:62,5
DA:63,1
DA:67,4
DA:68,4
DA:70,0
DA:73,4
DA:74,4
DA:75,2
DA:78,2
DA:79,2
DA:80,2
DA:81,1
DA:84,1
DA:92,1
DA:93,1
DA:95,1
DA:96,1
DA:115,1
DA:117,1
LF:45
LH:44
BRDA:13,0,0,1
BRDA:13,0,1,3
BRDA:13,1,0,4
BRDA:13,1,1,3
BRDA:14,2,0,1
BRDA:14,2,1,3
BRDA:14,3,0,1
BRDA:14,3,1,3
BRDA:14,4,0,4
BRDA:14,4,1,4
BRDA:22,5,0,1
BRDA:22,5,1,2
BRDA:35,6,0,2
BRDA:35,6,1,0
BRDA:40,7,0,0
BRDA:40,7,1,2
BRDA:40,8,0,2
BRDA:40,8,1,0
BRDA:60,9,0,1
BRDA:60,9,1,4
BRDA:60,10,0,5
BRDA:60,10,1,4
BRDA:62,11,0,1
BRDA:62,11,1,4
BRDA:62,12,0,1
BRDA:62,12,1,4
BRDA:62,13,0,5
BRDA:62,13,1,5
BRDA:73,14,0,4
BRDA:73,14,1,0
BRDA:74,15,0,2
BRDA:74,15,1,2
BRDA:74,16,0,4
BRDA:74,16,1,3
BRDA:80,17,0,1
BRDA:80,17,1,1
BRDA:100,18,0,1
BRDA:100,18,1,0
BRDA:105,19,0,0
BRDA:105,19,1,1
BRDA:105,20,0,1
BRDA:105,20,1,0
BRF:42
BRH:35
end_of_record
TN:
SF:app/api/users/[username]/route.ts
FN:17,toProfileResponse
FN:18,(anonymous_1)
FN:19,(anonymous_2)
FN:20,(anonymous_3)
FN:35,GET
FN:49,(anonymous_5)
FN:60,PATCH
FN:74,(anonymous_7)
FNF:8
FNH:8
FNDA:2,toProfileResponse
FNDA:6,(anonymous_1)
FNDA:4,(anonymous_2)
FNDA:6,(anonymous_3)
FNDA:3,GET
FNDA:3,(anonymous_5)
FNDA:5,PATCH
FNDA:4,(anonymous_7)
DA:1,1
DA:2,1
DA:3,1
DA:4,1
DA:18,6
DA:19,4
DA:20,6
DA:22,2
DA:35,1
DA:39,3
DA:40,3
DA:41,3
DA:42,1
DA:45,2
DA:46,2
DA:47,2
DA:48,2
DA:49,3
DA:52,2
DA:53,1
DA:56,1
DA:60,1
DA:64,5
DA:65,5
DA:66,5
DA:67,1
DA:70,4
DA:71,4
DA:72,4
DA:73,4
DA:74,4
DA:77,4
DA:78,0
DA:81,4
DA:82,4
DA:83,1
DA:87,3
DA:88,3
DA:90,0
DA:93,3
DA:94,2
DA:95,0
DA:97,2
DA:98,2
DA:99,1
DA:101,1
DA:104,2
DA:105,2
DA:106,0
DA:108,2
DA:109,2
DA:110,1
DA:112,1
DA:115,1
DA:116,0
DA:117,0
DA:119,0
DA:120,0
DA:121,0
DA:123,0
DA:124,0
DA:126,0
DA:128,0
DA:132,1
DA:133,1
DA:135,1
LF:66
LH:53
BRDA:26,0,0,2
BRDA:26,0,1,0
BRDA:26,1,0,2
BRDA:26,1,1,2
BRDA:27,2,0,0
BRDA:27,2,1,2
BRDA:27,3,0,2
BRDA:27,3,1,0
BRDA:40,4,0,1
BRDA:40,4,1,2
BRDA:40,5,0,3
BRDA:40,5,1,2
BRDA:41,6,0,1
BRDA:41,6,1,2
BRDA:41,7,0,1
BRDA:41,7,1,2
BRDA:41,8,0,3
BRDA:41,8,1,3
BRDA:49,9,0,3
BRDA:49,9,1,3
BRDA:52,10,0,1
BRDA:52,10,1,1
BRDA:65,11,0,1
BRDA:65,11,1,4
BRDA:65,12,0,5
BRDA:65,12,1,4
BRDA:66,13,0,1
BRDA:66,13,1,4
BRDA:66,14,0,1
BRDA:66,14,1,4
BRDA:66,15,0,5
BRDA:66,15,1,5
BRDA:74,16,0,4
BRDA:74,16,1,4
BRDA:77,17,0,0
BRDA:77,17,1,4
BRDA:82,18,0,1
BRDA:82,18,1,3
BRDA:93,19,0,2
BRDA:93,19,1,1
BRDA:94,20,0,0
BRDA:94,20,1,2
BRDA:98,21,0,1
BRDA:98,21,1,1
BRDA:98,22,0,2
BRDA:98,22,1,2
BRDA:104,23,0,2
BRDA:104,23,1,0
BRDA:105,24,0,0
BRDA:105,24,1,2
BRDA:109,25,0,1
BRDA:109,25,1,1
BRDA:112,26,0,1
BRDA:112,26,1,0
BRDA:115,27,0,0
BRDA:115,27,1,1
BRDA:116,28,0,0
BRDA:116,28,1,0
BRDA:120,29,0,0
BRDA:120,29,1,0
BRF:60
BRH:47
end_of_record
TN:
SF:app/api/users/[username]/avatar/route.ts
FN:9,POST
FN:23,(anonymous_1)
FNF:2
FNH:2
FNDA:5,POST
FNDA:4,(anonymous_1)
DA:1,1
DA:2,1
DA:3,1
DA:4,1
DA:6,1
DA:7,1
DA:9,1
DA:13,5
DA:14,5
DA:15,5
DA:16,1
DA:19,4
DA:20,4
DA:21,4
DA:22,4
DA:23,4
DA:26,4
DA:27,0
DA:30,4
DA:31,4
DA:32,0
DA:36,4
DA:37,4
DA:39,0
DA:42,4
DA:43,4
DA:44,1
DA:47,3
DA:48,1
DA:51,2
DA:52,1
DA:55,1
DA:56,1
DA:57,1
DA:59,1
DA:60,1
DA:61,1
DA:63,1
LF:38
LH:35
BRDA:14,0,0,1
BRDA:14,0,1,4
BRDA:14,1,0,5
BRDA:14,1,1,4
BRDA:15,2,0,1
BRDA:15,2,1,4
BRDA:15,3,0,1
BRDA:15,3,1,4
BRDA:15,4,0,5
BRDA:15,4,1,5
BRDA:23,5,0,4
BRDA:23,5,1,4
BRDA:26,6,0,0
BRDA:26,6,1,4
BRDA:31,7,0,0
BRDA:31,7,1,4
BRDA:43,8,0,1
BRDA:43,8,1,3
BRDA:47,9,0,1
BRDA:47,9,1,2
BRDA:51,10,0,1
BRDA:51,10,1,1
BRF:22
BRH:20
end_of_record
TN:
SF:app/api/users/[username]/posts/route.ts
FN:8,GET
FN:26,(anonymous_1)
FN:33,(anonymous_2)
FN:34,(anonymous_3)
FN:44,(anonymous_4)
FN:62,(anonymous_5)
FN:63,(anonymous_6)
FN:64,(anonymous_7)
FN:66,(anonymous_8)
FNF:9
FNH:8
FNDA:3,GET
FNDA:3,(anonymous_1)
FNDA:3,(anonymous_2)
FNDA:1,(anonymous_3)
FNDA:0,(anonymous_4)
FNDA:2,(anonymous_5)
FNDA:4,(anonymous_6)
FNDA:2,(anonymous_7)
FNDA:3,(anonymous_8)
DA:1,1
DA:2,1
DA:3,1
DA:4,1
DA:8,1
DA:12,3
DA:13,3
DA:14,3
DA:15,1
DA:18,2
DA:19,2
DA:20,2
DA:21,2
DA:22,2
DA:24,2
DA:25,2
DA:26,3
DA:28,2
DA:29,1
DA:32,1
DA:33,3
DA:35,1
DA:36,0
DA:39,1
DA:40,1
DA:41,0
DA:42,0
DA:43,0
DA:44,0
DA:47,0
DA:51,1
DA:53,1
DA:62,1
DA:63,4
DA:64,2
DA:65,2
DA:66,3
DA:69,2
DA:85,1
DA:86,1
LF:40
LH:34
BRDA:13,0,0,1
BRDA:13,0,1,2
BRDA:13,1,0,3
BRDA:13,1,1,2
BRDA:14,2,0,1
BRDA:14,2,1,2
BRDA:14,3,0,1
BRDA:14,3,1,2
BRDA:14,4,0,3
BRDA:14,4,1,3
BRDA:22,5,0,2
BRDA:22,5,1,2
BRDA:26,6,0,3
BRDA:26,6,1,3
BRDA:28,7,0,1
BRDA:28,7,1,1
BRDA:35,8,0,1
BRDA:35,8,1,0
BRDA:40,9,0,0
BRDA:40,9,1,1
BRDA:44,10,0,0
BRDA:44,10,1,0
BRDA:53,11,0,0
BRDA:53,11,1,1
BRDA:66,12,0,3
BRDA:66,12,1,2
BRDA:77,13,0,0
BRDA:77,13,1,2
BRDA:77,14,0,2
BRDA:77,14,1,0
BRF:30
BRH:23
end_of_record
TN:
SF:lib/auth.ts
FN:17,(anonymous_2)
FN:22,(anonymous_3)
FN:33,(anonymous_4)
FN:45,(anonymous_5)
FNF:4
FNH:0
FNDA:0,(anonymous_2)
FNDA:0,(anonymous_3)
FNDA:0,(anonymous_4)
FNDA:0,(anonymous_5)
DA:2,7
DA:3,7
DA:4,7
DA:6,7
DA:18,0
DA:19,0
DA:21,0
DA:22,0
DA:23,0
DA:24,0
DA:25,0
DA:27,0
DA:28,0
DA:34,0
DA:36,0
DA:37,0
DA:38,0
DA:39,0
DA:42,0
DA:43,0
DA:46,0
DA:47,0
DA:48,0
DA:49,0
DA:50,0
DA:52,0
DA:61,7
LF:27
LH:5
BRDA:18,0,0,0
BRDA:18,0,1,0
BRDA:18,1,0,0
BRDA:18,1,1,0
BRDA:18,2,0,0
BRDA:18,2,1,0
BRDA:18,3,0,0
BRDA:18,3,1,0
BRDA:18,4,0,0
BRDA:18,4,1,0
BRDA:18,5,0,0
BRDA:18,5,1,0
BRDA:23,6,0,0
BRDA:23,6,1,0
BRDA:23,7,0,0
BRDA:23,7,1,0
BRDA:25,8,0,0
BRDA:25,8,1,0
BRDA:34,9,0,0
BRDA:34,9,1,0
BRDA:34,10,0,0
BRDA:34,10,1,0
BRDA:36,11,0,0
BRDA:36,11,1,0
BRDA:37,12,0,0
BRDA:37,12,1,0
BRDA:38,13,0,0
BRDA:38,13,1,0
BRDA:39,14,0,0
BRDA:39,14,1,0
BRDA:46,15,0,0
BRDA:46,15,1,0
BRDA:46,16,0,0
BRDA:46,16,1,0
BRF:34
BRH:0
end_of_record
TN:
SF:lib/validatePostContent.ts
FN:6,validatePostContent
FNF:1
FNH:1
FNDA:4,validatePostContent
DA:6,1
DA:7,4
DA:8,1
DA:10,3
DA:11,1
DA:13,2
LF:6
LH:6
BRDA:7,0,0,1
BRDA:7,0,1,3
BRDA:7,1,0,4
BRDA:7,1,1,4
BRDA:10,2,0,1
BRDA:10,2,1,2
BRF:6
BRH:6
end_of_record
